[ 2015-03-25T00:04:18+08:00 ] 127.0.0.1 /thinkcmfx1.5.0/index.php?g=Todo&m=Indexadmin&a=index&menuid=159
NOTIC: D方法实例化没找到模型类Todo\Model\TodoModel

[ 2015-03-25T00:04:51+08:00 ] 127.0.0.1 /thinkcmfx1.5.0/index.php?g=Todo&m=Indexadmin&a=addnewtodo
INFO: [ app_begin ] --START--
INFO: Run Behavior\ReadHtmlCacheBehavior [ RunTime:0.000551s ]
INFO: Run Behavior\CheckLangBehavior [ RunTime:0.000987s ]
INFO: [ app_begin ] --END-- [ RunTime:0.002015s ]
SQL: SHOW COLUMNS FROM `sp_users` [ RunTime:0.0044s ]
SQL: SELECT * FROM `sp_users` WHERE ( id=1 ) LIMIT 1   [ RunTime:0.0005s ]
NOTIC: D方法实例化没找到模型类Todo\Model\TodoModel
SQL: SHOW COLUMNS FROM `sp_todo` [ RunTime:0.0043s ]
SQL: INSERT INTO `sp_todo` (`title`,`listname`,`state`,`groupname`,`deadline`,`description`,`priority`,`privacy`) VALUES ('test1','list1','1','test','2015-03-31','test1','3','1') [ RunTime:0.1808s ]

[ 2015-03-25T00:05:03+08:00 ] 127.0.0.1 /thinkcmfx1.5.0/index.php?g=Todo&m=Indexadmin&a=index&menuid=159
NOTIC: D方法实例化没找到模型类Todo\Model\TodoModel

[ 2015-03-25T00:06:54+08:00 ] 127.0.0.1 /thinkcmfx1.5.0/index.php?g=Todo&m=Indexadmin&a=addnewtodo
INFO: [ app_begin ] --START--
INFO: Run Behavior\ReadHtmlCacheBehavior [ RunTime:0.000564s ]
INFO: Run Behavior\CheckLangBehavior [ RunTime:0.000899s ]
INFO: [ app_begin ] --END-- [ RunTime:0.001889s ]
SQL: SHOW COLUMNS FROM `sp_users` [ RunTime:0.0145s ]
SQL: SELECT * FROM `sp_users` WHERE ( id=1 ) LIMIT 1   [ RunTime:0.0013s ]
NOTIC: D方法实例化没找到模型类Todo\Model\TodoModel
SQL: SHOW COLUMNS FROM `sp_todo` [ RunTime:0.0145s ]
SQL: INSERT INTO `sp_todo` (`title`,`listname`,`state`,`groupname`,`deadline`,`description`,`priority`,`privacy`) VALUES ('test2','list1','1','test','2015-03-31','test2','1','1') [ RunTime:0.0335s ]

[ 2015-03-25T00:07:06+08:00 ] 127.0.0.1 /thinkcmfx1.5.0/index.php?g=Todo&m=Indexadmin&a=index&menuid=159
NOTIC: D方法实例化没找到模型类Todo\Model\TodoModel

[ 2015-03-25T00:07:28+08:00 ] 127.0.0.1 /thinkcmfx1.5.0/index.php?g=Todo&m=Indexadmin&a=index&menuid=159
NOTIC: D方法实例化没找到模型类Todo\Model\TodoModel

[ 2015-03-25T00:08:16+08:00 ] 127.0.0.1 /thinkcmfx1.5.0/index.php?g=Todo&m=Indexadmin&a=index&menuid=159
NOTIC: D方法实例化没找到模型类Todo\Model\TodoModel

[ 2015-03-25T00:08:41+08:00 ] 127.0.0.1 /thinkcmfx1.5.0/index.php?g=Todo&m=Indexadmin&a=index&menuid=159
NOTIC: D方法实例化没找到模型类Todo\Model\TodoModel

[ 2015-03-25T00:08:56+08:00 ] 127.0.0.1 /thinkcmfx1.5.0/index.php?g=Todo&m=Indexadmin&a=index&menuid=159
NOTIC: D方法实例化没找到模型类Todo\Model\TodoModel

[ 2015-03-25T10:29:58+08:00 ] 127.0.0.1 /ThinkCMFX1.5.0/index.php?g=Todo&m=Indexadmin&a=index&menuid=159
NOTIC: D方法实例化没找到模型类Todo\Model\TodoModel

[ 2015-03-25T10:30:19+08:00 ] 127.0.0.1 /ThinkCMFX1.5.0/index.php?g=Todo&m=Indexadmin&a=addnewtodo
INFO: [ app_begin ] --START--
INFO: Run Behavior\ReadHtmlCacheBehavior [ RunTime:0.000643s ]
INFO: Run Behavior\CheckLangBehavior [ RunTime:0.000900s ]
INFO: [ app_begin ] --END-- [ RunTime:0.001967s ]
SQL: SHOW COLUMNS FROM `sp_users` [ RunTime:0.0233s ]
SQL: SELECT * FROM `sp_users` WHERE ( id=1 ) LIMIT 1   [ RunTime:0.0014s ]
NOTIC: D方法实例化没找到模型类Todo\Model\TodoModel
SQL: SHOW COLUMNS FROM `sp_todo` [ RunTime:0.0106s ]
SQL: INSERT INTO `sp_todo` (`title`,`listname`,`state`,`groupname`,`deadline`,`description`,`priority`,`privacy`) VALUES ('test3','list1','1','test','2015-03-16','test3','4','1') [ RunTime:0.0252s ]

[ 2015-03-25T10:30:26+08:00 ] 127.0.0.1 /ThinkCMFX1.5.0/index.php?g=Todo&m=Indexadmin&a=index&menuid=159
NOTIC: D方法实例化没找到模型类Todo\Model\TodoModel

[ 2015-03-25T10:31:32+08:00 ] 127.0.0.1 /ThinkCMFX1.5.0/index.php?g=Todo&m=Indexadmin&a=index&menuid=159
NOTIC: D方法实例化没找到模型类Todo\Model\TodoModel

[ 2015-03-25T10:38:19+08:00 ] 127.0.0.1 /ThinkCMFX1.5.0/index.php?g=Todo&m=Indexadmin&a=index&menuid=159
NOTIC: D方法实例化没找到模型类Todo\Model\TodoModel

[ 2015-03-25T10:39:12+08:00 ] 127.0.0.1 /ThinkCMFX1.5.0/index.php?g=Todo&m=Indexadmin&a=index&menuid=159
NOTIC: D方法实例化没找到模型类Todo\Model\TodoModel

[ 2015-03-25T10:39:47+08:00 ] 127.0.0.1 /ThinkCMFX1.5.0/index.php?g=Todo&m=Indexadmin&a=index&menuid=159
NOTIC: D方法实例化没找到模型类Todo\Model\TodoModel

[ 2015-03-25T10:40:06+08:00 ] 127.0.0.1 /ThinkCMFX1.5.0/index.php?g=Todo&m=Indexadmin&a=addnewtodo
INFO: [ app_begin ] --START--
INFO: Run Behavior\ReadHtmlCacheBehavior [ RunTime:0.000658s ]
INFO: Run Behavior\CheckLangBehavior [ RunTime:0.000930s ]
INFO: [ app_begin ] --END-- [ RunTime:0.002161s ]
SQL: SHOW COLUMNS FROM `sp_users` [ RunTime:0.0044s ]
SQL: SELECT * FROM `sp_users` WHERE ( id=1 ) LIMIT 1   [ RunTime:0.0005s ]
NOTIC: D方法实例化没找到模型类Todo\Model\TodoModel
SQL: SHOW COLUMNS FROM `sp_todo` [ RunTime:0.0036s ]
SQL: INSERT INTO `sp_todo` (`title`,`listname`,`state`,`groupname`,`deadline`,`description`,`priority`,`privacy`) VALUES ('test4','list1','1','test','2015-03-23','test4','1','1') [ RunTime:0.0855s ]

[ 2015-03-25T10:42:27+08:00 ] 127.0.0.1 /ThinkCMFX1.5.0/index.php?g=Todo&m=Indexadmin&a=index&menuid=159
NOTIC: D方法实例化没找到模型类Todo\Model\TodoModel

[ 2015-03-25T10:51:36+08:00 ] 127.0.0.1 /ThinkCMFX1.5.0/index.php?g=Todo&m=Indexadmin&a=addnewtodo
INFO: [ app_begin ] --START--
INFO: Run Behavior\ReadHtmlCacheBehavior [ RunTime:0.000635s ]
INFO: Run Behavior\CheckLangBehavior [ RunTime:0.000938s ]
INFO: [ app_begin ] --END-- [ RunTime:0.002079s ]
SQL: SHOW COLUMNS FROM `sp_users` [ RunTime:0.0140s ]
SQL: SELECT * FROM `sp_users` WHERE ( id=1 ) LIMIT 1   [ RunTime:0.0013s ]
NOTIC: D方法实例化没找到模型类Todo\Model\TodoModel
SQL: SHOW COLUMNS FROM `sp_todo` [ RunTime:0.0104s ]
SQL: INSERT INTO `sp_todo` (`title`,`listname`,`state`,`groupname`,`deadline`,`description`,`priority`,`privacy`) VALUES ('t','list1','1','t','2015-03-29','t','1','1') [ RunTime:0.0091s ]

[ 2015-03-25T10:52:38+08:00 ] 127.0.0.1 /ThinkCMFX1.5.0/index.php?g=Todo&m=Indexadmin&a=addnewtodo
INFO: [ app_begin ] --START--
INFO: Run Behavior\ReadHtmlCacheBehavior [ RunTime:0.000716s ]
INFO: Run Behavior\CheckLangBehavior [ RunTime:0.001048s ]
INFO: [ app_begin ] --END-- [ RunTime:0.002286s ]
SQL: SHOW COLUMNS FROM `sp_users` [ RunTime:0.0954s ]
SQL: SELECT * FROM `sp_users` WHERE ( id=1 ) LIMIT 1   [ RunTime:0.0012s ]
NOTIC: D方法实例化没找到模型类Todo\Model\TodoModel
SQL: SHOW COLUMNS FROM `sp_todo` [ RunTime:0.0125s ]
SQL: INSERT INTO `sp_todo` (`title`,`listname`,`state`,`groupname`,`deadline`,`description`,`priority`,`privacy`) VALUES ('1','list1','1','1','2015-03-29','1','1','1') [ RunTime:0.0232s ]

[ 2015-03-25T11:00:06+08:00 ] 127.0.0.1 /ThinkCMFX1.5.0/index.php?g=Todo&m=Indexadmin&a=addnewtodo
INFO: [ app_begin ] --START--
INFO: Run Behavior\ReadHtmlCacheBehavior [ RunTime:0.000684s ]
INFO: Run Behavior\CheckLangBehavior [ RunTime:0.001099s ]
INFO: [ app_begin ] --END-- [ RunTime:0.002277s ]
SQL: SHOW COLUMNS FROM `sp_users` [ RunTime:0.0172s ]
SQL: SELECT * FROM `sp_users` WHERE ( id=1 ) LIMIT 1   [ RunTime:0.0013s ]
NOTIC: D方法实例化没找到模型类Todo\Model\TodoModel
SQL: SHOW COLUMNS FROM `sp_todo` [ RunTime:0.0100s ]
SQL: INSERT INTO `sp_todo` (`title`,`listname`,`state`,`groupname`,`deadline`,`description`,`priority`,`privacy`) VALUES ('q','list1','1','q','2015-03-30','q','1','1') [ RunTime:0.0099s ]

[ 2015-03-25T14:38:33+08:00 ] 127.0.0.1 /ThinkCMFX1.5.0/index.php?g=Todo&m=Indexadmin&a=index&menuid=159
NOTIC: D方法实例化没找到模型类Todo\Model\TodoModel

[ 2015-03-25T14:42:49+08:00 ] 127.0.0.1 /ThinkCMFX1.5.0/index.php?g=Todo&m=Indexadmin&a=index&menuid=159
NOTIC: D方法实例化没找到模型类Todo\Model\TodoModel

[ 2015-03-25T14:43:49+08:00 ] 127.0.0.1 /ThinkCMFX1.5.0/index.php?g=Todo&m=Indexadmin&a=index&menuid=159
NOTIC: D方法实例化没找到模型类Todo\Model\TodoModel

[ 2015-03-25T14:43:55+08:00 ] 127.0.0.1 /ThinkCMFX1.5.0/index.php?g=Todo&m=Indexadmin&a=addnewtodo
INFO: [ app_begin ] --START--
INFO: Run Behavior\ReadHtmlCacheBehavior [ RunTime:0.000738s ]
INFO: Run Behavior\CheckLangBehavior [ RunTime:0.001094s ]
INFO: [ app_begin ] --END-- [ RunTime:0.002307s ]
SQL: SHOW COLUMNS FROM `sp_users` [ RunTime:0.0043s ]
SQL: SELECT * FROM `sp_users` WHERE ( id=1 ) LIMIT 1   [ RunTime:0.0004s ]
NOTIC: D方法实例化没找到模型类Todo\Model\TodoModel
SQL: SHOW COLUMNS FROM `sp_todo` [ RunTime:0.0039s ]
SQL: INSERT INTO `sp_todo` (`title`,`listname`,`state`,`groupname`,`deadline`,`description`,`priority`,`privacy`) VALUES ('','list1','1','q','2015-03-30','q','1','1') [ RunTime:0.0062s ]

[ 2015-03-25T14:45:03+08:00 ] 127.0.0.1 /ThinkCMFX1.5.0/index.php?g=Todo&m=Indexadmin&a=index&menuid=159
NOTIC: D方法实例化没找到模型类Todo\Model\TodoModel

[ 2015-03-25T14:45:09+08:00 ] 127.0.0.1 /ThinkCMFX1.5.0/index.php?g=Todo&m=Indexadmin&a=addnewtodo
INFO: [ app_begin ] --START--
INFO: Run Behavior\ReadHtmlCacheBehavior [ RunTime:0.001143s ]
INFO: Run Behavior\CheckLangBehavior [ RunTime:0.001543s ]
INFO: [ app_begin ] --END-- [ RunTime:0.003462s ]
SQL: SHOW COLUMNS FROM `sp_users` [ RunTime:0.0052s ]
SQL: SELECT * FROM `sp_users` WHERE ( id=1 ) LIMIT 1   [ RunTime:0.0005s ]
NOTIC: D方法实例化没找到模型类Todo\Model\TodoModel
SQL: SHOW COLUMNS FROM `sp_todo` [ RunTime:0.0049s ]
SQL: INSERT INTO `sp_todo` (`title`,`listname`,`state`,`groupname`,`deadline`,`description`,`priority`,`privacy`) VALUES ('q','list1','1','q','2015-03-29','q','1','1') [ RunTime:0.0205s ]

[ 2015-03-25T14:45:26+08:00 ] 127.0.0.1 /ThinkCMFX1.5.0/index.php?g=Todo&m=Indexadmin&a=index&menuid=159
NOTIC: D方法实例化没找到模型类Todo\Model\TodoModel

[ 2015-03-25T14:46:40+08:00 ] 127.0.0.1 /ThinkCMFX1.5.0/index.php?g=Todo&m=Indexadmin&a=index&menuid=159
NOTIC: D方法实例化没找到模型类Todo\Model\TodoModel

[ 2015-03-25T14:46:49+08:00 ] 127.0.0.1 /ThinkCMFX1.5.0/index.php?g=Todo&m=Indexadmin&a=addnewtodo
INFO: [ app_begin ] --START--
INFO: Run Behavior\ReadHtmlCacheBehavior [ RunTime:0.000700s ]
INFO: Run Behavior\CheckLangBehavior [ RunTime:0.001102s ]
INFO: [ app_begin ] --END-- [ RunTime:0.002224s ]
SQL: SHOW COLUMNS FROM `sp_users` [ RunTime:0.0041s ]
SQL: SELECT * FROM `sp_users` WHERE ( id=1 ) LIMIT 1   [ RunTime:0.0004s ]
NOTIC: D方法实例化没找到模型类Todo\Model\TodoModel
SQL: SHOW COLUMNS FROM `sp_todo` [ RunTime:0.0046s ]
SQL: INSERT INTO `sp_todo` (`title`,`listname`,`state`,`groupname`,`deadline`,`description`,`priority`,`privacy`) VALUES ('','list1','1','a','2015-03-30','a','1','1') [ RunTime:0.0126s ]

[ 2015-03-25T14:58:09+08:00 ] 127.0.0.1 /ThinkCMFX1.5.0/index.php?g=Todo&m=Indexadmin&a=index&menuid=159
NOTIC: D方法实例化没找到模型类Todo\Model\TodoModel

[ 2015-03-25T15:00:03+08:00 ] 127.0.0.1 /ThinkCMFX1.5.0/index.php?g=Todo&m=Indexadmin&a=index&menuid=159
NOTIC: D方法实例化没找到模型类Todo\Model\TodoModel

[ 2015-03-25T15:00:09+08:00 ] 127.0.0.1 /ThinkCMFX1.5.0/index.php?g=Todo&m=Indexadmin&a=addnewtodo
INFO: [ app_begin ] --START--
INFO: Run Behavior\ReadHtmlCacheBehavior [ RunTime:0.000687s ]
INFO: Run Behavior\CheckLangBehavior [ RunTime:0.001078s ]
INFO: [ app_begin ] --END-- [ RunTime:0.002194s ]
SQL: SHOW COLUMNS FROM `sp_users` [ RunTime:0.0038s ]
SQL: SELECT * FROM `sp_users` WHERE ( id=1 ) LIMIT 1   [ RunTime:0.0004s ]
NOTIC: D方法实例化没找到模型类Todo\Model\TodoModel
SQL: SHOW COLUMNS FROM `sp_todo` [ RunTime:0.0063s ]
ERR: SQLSTATE[22007]: Invalid datetime format: 1292 Incorrect date value: '' for column 'deadline' at row 1

[ 2015-03-25T15:00:32+08:00 ] 127.0.0.1 /ThinkCMFX1.5.0/index.php?g=Todo&m=Indexadmin&a=addnewtodo
NOTIC: D方法实例化没找到模型类Todo\Model\TodoModel

[ 2015-03-25T15:01:02+08:00 ] 127.0.0.1 /ThinkCMFX1.5.0/index.php?g=Todo&m=Indexadmin&a=addnewtodo
INFO: [ app_begin ] --START--
INFO: Run Behavior\ReadHtmlCacheBehavior [ RunTime:0.000982s ]
INFO: Run Behavior\CheckLangBehavior [ RunTime:0.001290s ]
INFO: [ app_begin ] --END-- [ RunTime:0.002848s ]
SQL: SHOW COLUMNS FROM `sp_users` [ RunTime:0.0039s ]
SQL: SELECT * FROM `sp_users` WHERE ( id=1 ) LIMIT 1   [ RunTime:0.0004s ]
NOTIC: D方法实例化没找到模型类Todo\Model\TodoModel
SQL: SHOW COLUMNS FROM `sp_todo` [ RunTime:0.0038s ]
SQL: INSERT INTO `sp_todo` (`title`,`listname`,`state`,`groupname`,`deadline`,`description`,`priority`,`privacy`) VALUES ('','list1','1','','2015-03-24','','1','1') [ RunTime:0.0156s ]

[ 2015-03-25T15:01:31+08:00 ] 127.0.0.1 /ThinkCMFX1.5.0/index.php?g=Todo&m=Indexadmin&a=addnewtodo
NOTIC: D方法实例化没找到模型类Todo\Model\TodoModel

[ 2015-03-25T15:01:59+08:00 ] 127.0.0.1 /ThinkCMFX1.5.0/index.php?g=Todo&m=Indexadmin&a=addnewtodo
NOTIC: D方法实例化没找到模型类Todo\Model\TodoModel

[ 2015-03-25T15:02:00+08:00 ] 127.0.0.1 /ThinkCMFX1.5.0/index.php?g=Todo&m=Indexadmin&a=addnewtodo
NOTIC: D方法实例化没找到模型类Todo\Model\TodoModel

[ 2015-03-25T15:02:07+08:00 ] 127.0.0.1 /ThinkCMFX1.5.0/index.php?g=Todo&m=Indexadmin&a=addnewtodo
NOTIC: D方法实例化没找到模型类Todo\Model\TodoModel

[ 2015-03-25T15:02:22+08:00 ] 127.0.0.1 /ThinkCMFX1.5.0/index.php?g=Todo&m=Indexadmin&a=index&menuid=159
NOTIC: D方法实例化没找到模型类Todo\Model\TodoModel

[ 2015-03-25T15:02:28+08:00 ] 127.0.0.1 /ThinkCMFX1.5.0/index.php?g=Todo&m=Indexadmin&a=addnewtodo
INFO: [ app_begin ] --START--
INFO: Run Behavior\ReadHtmlCacheBehavior [ RunTime:0.000724s ]
INFO: Run Behavior\CheckLangBehavior [ RunTime:0.001062s ]
INFO: [ app_begin ] --END-- [ RunTime:0.002233s ]
SQL: SHOW COLUMNS FROM `sp_users` [ RunTime:0.0054s ]
SQL: SELECT * FROM `sp_users` WHERE ( id=1 ) LIMIT 1   [ RunTime:0.0004s ]
NOTIC: D方法实例化没找到模型类Todo\Model\TodoModel
SQL: SHOW COLUMNS FROM `sp_todo` [ RunTime:0.0058s ]
SQL: INSERT INTO `sp_todo` (`title`,`listname`,`state`,`groupname`,`deadline`,`description`,`priority`,`privacy`) VALUES ('a','list1','1','','2015-03-24','','1','1') [ RunTime:0.0212s ]
ERR: 模板不存在:tpl_admin/simpleboot/Todo/Indexadmin/addnewtodo.html

[ 2015-03-25T15:03:13+08:00 ] 127.0.0.1 /ThinkCMFX1.5.0/index.php?g=Todo&m=Indexadmin&a=addnewtodo
INFO: [ app_begin ] --START--
INFO: Run Behavior\ReadHtmlCacheBehavior [ RunTime:0.000805s ]
INFO: Run Behavior\CheckLangBehavior [ RunTime:0.001242s ]
INFO: [ app_begin ] --END-- [ RunTime:0.002515s ]
SQL: SHOW COLUMNS FROM `sp_users` [ RunTime:0.0147s ]
SQL: SELECT * FROM `sp_users` WHERE ( id=1 ) LIMIT 1   [ RunTime:0.0012s ]
NOTIC: D方法实例化没找到模型类Todo\Model\TodoModel
SQL: SHOW COLUMNS FROM `sp_todo` [ RunTime:0.0099s ]
SQL: INSERT INTO `sp_todo` (`title`,`listname`,`state`,`groupname`,`deadline`,`description`,`priority`,`privacy`) VALUES ('a','list1','1','','2015-03-24','','1','1') [ RunTime:0.0128s ]
ERR: 模板不存在:tpl_admin/simpleboot/Todo/Indexadmin/addnewtodo.html

[ 2015-03-25T15:04:01+08:00 ] 127.0.0.1 /ThinkCMFX1.5.0/index.php?g=Todo&m=Indexadmin&a=addnewtodo
INFO: [ app_begin ] --START--
INFO: Run Behavior\ReadHtmlCacheBehavior [ RunTime:0.000672s ]
INFO: Run Behavior\CheckLangBehavior [ RunTime:0.001060s ]
INFO: [ app_begin ] --END-- [ RunTime:0.002163s ]
SQL: SHOW COLUMNS FROM `sp_users` [ RunTime:0.0154s ]
SQL: SELECT * FROM `sp_users` WHERE ( id=1 ) LIMIT 1   [ RunTime:0.0013s ]
NOTIC: D方法实例化没找到模型类Todo\Model\TodoModel
SQL: SHOW COLUMNS FROM `sp_todo` [ RunTime:0.0105s ]
SQL: INSERT INTO `sp_todo` (`title`,`listname`,`state`,`groupname`,`deadline`,`description`,`priority`,`privacy`) VALUES ('a','list1','1','','2015-03-24','','1','1') [ RunTime:0.0508s ]
ERR: 模板不存在:tpl_admin/simpleboot/Todo/Indexadmin/addnewtodo.html

[ 2015-03-25T15:04:10+08:00 ] 127.0.0.1 /ThinkCMFX1.5.0/index.php?g=Todo&m=Indexadmin&a=addnewtodo
INFO: [ app_begin ] --START--
INFO: Run Behavior\ReadHtmlCacheBehavior [ RunTime:0.000820s ]
INFO: Run Behavior\CheckLangBehavior [ RunTime:0.001136s ]
INFO: [ app_begin ] --END-- [ RunTime:0.002421s ]
SQL: SHOW COLUMNS FROM `sp_users` [ RunTime:0.0055s ]
SQL: SELECT * FROM `sp_users` WHERE ( id=1 ) LIMIT 1   [ RunTime:0.0004s ]
NOTIC: D方法实例化没找到模型类Todo\Model\TodoModel
SQL: SHOW COLUMNS FROM `sp_todo` [ RunTime:0.0052s ]
SQL: INSERT INTO `sp_todo` (`title`,`listname`,`state`,`groupname`,`deadline`,`description`,`priority`,`privacy`) VALUES ('a','list1','1','','2015-03-24','','1','1') [ RunTime:0.0055s ]

[ 2015-03-25T15:04:51+08:00 ] 127.0.0.1 /ThinkCMFX1.5.0/index.php?g=Todo&m=Indexadmin&a=index&menuid=159
NOTIC: D方法实例化没找到模型类Todo\Model\TodoModel

[ 2015-03-25T15:04:56+08:00 ] 127.0.0.1 /ThinkCMFX1.5.0/index.php?g=Todo&m=Indexadmin&a=addnewtodo
INFO: [ app_begin ] --START--
INFO: Run Behavior\ReadHtmlCacheBehavior [ RunTime:0.000650s ]
INFO: Run Behavior\CheckLangBehavior [ RunTime:0.000987s ]
INFO: [ app_begin ] --END-- [ RunTime:0.002050s ]
SQL: SHOW COLUMNS FROM `sp_users` [ RunTime:0.0038s ]
SQL: SELECT * FROM `sp_users` WHERE ( id=1 ) LIMIT 1   [ RunTime:0.0005s ]
NOTIC: D方法实例化没找到模型类Todo\Model\TodoModel
SQL: SHOW COLUMNS FROM `sp_todo` [ RunTime:0.0062s ]
SQL: INSERT INTO `sp_todo` (`title`,`listname`,`state`,`groupname`,`deadline`,`description`,`priority`,`privacy`) VALUES ('a','list1','1','','2015-03-24','','1','1') [ RunTime:0.0043s ]

[ 2015-03-25T15:07:14+08:00 ] 127.0.0.1 /ThinkCMFX1.5.0/index.php?g=Todo&m=Indexadmin&a=addnewtodo
NOTIC: D方法实例化没找到模型类Todo\Model\TodoModel

[ 2015-03-25T15:07:19+08:00 ] 127.0.0.1 /ThinkCMFX1.5.0/index.php?g=Todo&m=Indexadmin&a=addnewtodo
NOTIC: D方法实例化没找到模型类Todo\Model\TodoModel

[ 2015-03-25T15:07:32+08:00 ] 127.0.0.1 /ThinkCMFX1.5.0/index.php?g=Todo&m=Indexadmin&a=addnewtodo
NOTIC: D方法实例化没找到模型类Todo\Model\TodoModel

[ 2015-03-25T15:08:06+08:00 ] 127.0.0.1 /ThinkCMFX1.5.0/index.php?g=Todo&m=Indexadmin&a=addnewtodo
INFO: [ app_begin ] --START--
INFO: Run Behavior\ReadHtmlCacheBehavior [ RunTime:0.000824s ]
INFO: Run Behavior\CheckLangBehavior [ RunTime:0.001224s ]
INFO: [ app_begin ] --END-- [ RunTime:0.002531s ]
SQL: SHOW COLUMNS FROM `sp_users` [ RunTime:0.0057s ]
SQL: SELECT * FROM `sp_users` WHERE ( id=1 ) LIMIT 1   [ RunTime:0.0005s ]
NOTIC: D方法实例化没找到模型类Todo\Model\TodoModel
SQL: SHOW COLUMNS FROM `sp_todo` [ RunTime:0.0053s ]
SQL: INSERT INTO `sp_todo` (`title`,`listname`,`state`,`groupname`,`deadline`,`description`,`priority`,`privacy`) VALUES ('1','list1','1','','2015-03-24','','1','1') [ RunTime:0.0048s ]

[ 2015-03-25T15:08:37+08:00 ] 127.0.0.1 /ThinkCMFX1.5.0/index.php?g=Todo&m=Indexadmin&a=addnewtodo
INFO: [ app_begin ] --START--
INFO: Run Behavior\ReadHtmlCacheBehavior [ RunTime:0.000798s ]
INFO: Run Behavior\CheckLangBehavior [ RunTime:0.001248s ]
INFO: [ app_begin ] --END-- [ RunTime:0.002526s ]
SQL: SHOW COLUMNS FROM `sp_users` [ RunTime:0.0043s ]
SQL: SELECT * FROM `sp_users` WHERE ( id=1 ) LIMIT 1   [ RunTime:0.0005s ]
NOTIC: D方法实例化没找到模型类Todo\Model\TodoModel
SQL: SHOW COLUMNS FROM `sp_todo` [ RunTime:0.0039s ]
SQL: INSERT INTO `sp_todo` (`title`,`listname`,`state`,`groupname`,`deadline`,`description`,`priority`,`privacy`) VALUES ('1','list1','1','','2015-03-24','','1','1') [ RunTime:0.0051s ]
SQL: SELECT * FROM `sp_todo` WHERE `show` = 1 ORDER BY priority ASC  [ RunTime:0.0005s ]
ERR: 模板不存在:tpl_admin/simpleboot/Todo/Indexadmin/addnewtodo.html

[ 2015-03-25T15:09:23+08:00 ] 127.0.0.1 /ThinkCMFX1.5.0/index.php?g=Todo&m=Indexadmin&a=addnewtodo
INFO: [ app_begin ] --START--
INFO: Run Behavior\ReadHtmlCacheBehavior [ RunTime:0.000717s ]
INFO: Run Behavior\CheckLangBehavior [ RunTime:0.001024s ]
INFO: [ app_begin ] --END-- [ RunTime:0.002169s ]
SQL: SHOW COLUMNS FROM `sp_users` [ RunTime:0.0065s ]
SQL: SELECT * FROM `sp_users` WHERE ( id=1 ) LIMIT 1   [ RunTime:0.0005s ]
NOTIC: D方法实例化没找到模型类Todo\Model\TodoModel
SQL: SHOW COLUMNS FROM `sp_todo` [ RunTime:0.0043s ]
SQL: INSERT INTO `sp_todo` (`title`,`listname`,`state`,`groupname`,`deadline`,`description`,`priority`,`privacy`) VALUES ('1','list1','1','','2015-03-24','','1','1') [ RunTime:0.0037s ]

[ 2015-03-25T15:09:31+08:00 ] 127.0.0.1 /ThinkCMFX1.5.0/index.php?g=Todo&m=Indexadmin&a=index
NOTIC: D方法实例化没找到模型类Todo\Model\TodoModel

[ 2015-03-25T15:11:24+08:00 ] 127.0.0.1 /ThinkCMFX1.5.0/index.php?g=Todo&m=Indexadmin&a=addnewtodo
NOTIC: D方法实例化没找到模型类Todo\Model\TodoModel

[ 2015-03-25T15:11:38+08:00 ] 127.0.0.1 /ThinkCMFX1.5.0/index.php?g=Todo&m=Indexadmin&a=addnewtodo
INFO: [ app_begin ] --START--
INFO: Run Behavior\ReadHtmlCacheBehavior [ RunTime:0.000812s ]
INFO: Run Behavior\CheckLangBehavior [ RunTime:0.001216s ]
INFO: [ app_begin ] --END-- [ RunTime:0.002506s ]
SQL: SHOW COLUMNS FROM `sp_users` [ RunTime:0.0041s ]
SQL: SELECT * FROM `sp_users` WHERE ( id=1 ) LIMIT 1   [ RunTime:0.0004s ]
NOTIC: D方法实例化没找到模型类Todo\Model\TodoModel
SQL: SHOW COLUMNS FROM `sp_todo` [ RunTime:0.0049s ]
SQL: INSERT INTO `sp_todo` (`title`,`listname`,`state`,`groupname`,`deadline`,`description`,`priority`,`privacy`) VALUES ('啊','list1','1','','2015-03-18','','1','1') [ RunTime:0.0044s ]

[ 2015-03-25T15:12:03+08:00 ] 127.0.0.1 /ThinkCMFX1.5.0/index.php?g=Todo&m=Indexadmin&a=addnewtodo
INFO: [ app_begin ] --START--
INFO: Run Behavior\ReadHtmlCacheBehavior [ RunTime:0.000780s ]
INFO: Run Behavior\CheckLangBehavior [ RunTime:0.001224s ]
INFO: [ app_begin ] --END-- [ RunTime:0.002491s ]
SQL: SHOW COLUMNS FROM `sp_users` [ RunTime:0.0130s ]
SQL: SELECT * FROM `sp_users` WHERE ( id=1 ) LIMIT 1   [ RunTime:0.0012s ]
NOTIC: D方法实例化没找到模型类Todo\Model\TodoModel
SQL: SHOW COLUMNS FROM `sp_todo` [ RunTime:0.0131s ]
SQL: INSERT INTO `sp_todo` (`title`,`listname`,`state`,`groupname`,`deadline`,`description`,`priority`,`privacy`) VALUES ('啊','list1','1','','2015-03-18','','1','1') [ RunTime:0.0062s ]
INFO: [ app_end ] --START--
INFO: Run Behavior\ShowPageTraceBehavior [ RunTime:0.002953s ]
INFO: [ app_end ] --END-- [ RunTime:0.003083s ]

[ 2015-03-25T15:12:20+08:00 ] 127.0.0.1 /ThinkCMFX1.5.0/index.php?g=Todo&m=Indexadmin&a=index&menuid=159
NOTIC: D方法实例化没找到模型类Todo\Model\TodoModel

[ 2015-03-25T15:13:27+08:00 ] 127.0.0.1 /ThinkCMFX1.5.0/index.php?g=Todo&m=Indexadmin&a=addnewtodo
INFO: [ app_begin ] --START--
INFO: Run Behavior\ReadHtmlCacheBehavior [ RunTime:0.000897s ]
INFO: Run Behavior\CheckLangBehavior [ RunTime:0.001484s ]
INFO: [ app_begin ] --END-- [ RunTime:0.002960s ]
SQL: SHOW COLUMNS FROM `sp_users` [ RunTime:0.0129s ]
SQL: SELECT * FROM `sp_users` WHERE ( id=1 ) LIMIT 1   [ RunTime:0.0012s ]
NOTIC: D方法实例化没找到模型类Todo\Model\TodoModel
SQL: SHOW COLUMNS FROM `sp_todo` [ RunTime:0.0867s ]
SQL: INSERT INTO `sp_todo` (`title`,`listname`,`state`,`groupname`,`deadline`,`description`,`priority`,`privacy`) VALUES ('啊','list1','1','','2015-03-18','','1','1') [ RunTime:0.0064s ]
INFO: [ app_end ] --START--
INFO: Run Behavior\ShowPageTraceBehavior [ RunTime:0.002938s ]
INFO: [ app_end ] --END-- [ RunTime:0.003128s ]

[ 2015-03-25T15:13:38+08:00 ] 127.0.0.1 //ThinkCMFX1.5.0/index.php?g=Todo&m=Indexadmin&a=index
NOTIC: D方法实例化没找到模型类Todo\Model\TodoModel

[ 2015-03-25T15:14:05+08:00 ] 127.0.0.1 /ThinkCMFX1.5.0/index.php?g=Todo&m=Indexadmin&a=addnewtodo
INFO: [ app_begin ] --START--
INFO: Run Behavior\ReadHtmlCacheBehavior [ RunTime:0.000813s ]
INFO: Run Behavior\CheckLangBehavior [ RunTime:0.001248s ]
INFO: [ app_begin ] --END-- [ RunTime:0.002579s ]
SQL: SHOW COLUMNS FROM `sp_users` [ RunTime:0.0131s ]
SQL: SELECT * FROM `sp_users` WHERE ( id=1 ) LIMIT 1   [ RunTime:0.0012s ]
NOTIC: D方法实例化没找到模型类Todo\Model\TodoModel
SQL: SHOW COLUMNS FROM `sp_todo` [ RunTime:0.0116s ]
SQL: INSERT INTO `sp_todo` (`title`,`listname`,`state`,`groupname`,`deadline`,`description`,`priority`,`privacy`) VALUES ('啊','list1','1','','2015-03-18','','1','1') [ RunTime:0.0544s ]
INFO: [ app_end ] --START--
INFO: Run Behavior\ShowPageTraceBehavior [ RunTime:0.001452s ]
INFO: [ app_end ] --END-- [ RunTime:0.001527s ]

[ 2015-03-25T15:14:05+08:00 ] 127.0.0.1 /ThinkCMFX1.5.0/index.php?g=Todo&m=Indexadmin&a=index
INFO: [ app_begin ] --START--
INFO: Run Behavior\ReadHtmlCacheBehavior [ RunTime:0.000668s ]
INFO: Run Behavior\CheckLangBehavior [ RunTime:0.001023s ]
INFO: [ app_begin ] --END-- [ RunTime:0.002098s ]
SQL: SHOW COLUMNS FROM `sp_users` [ RunTime:0.0041s ]
SQL: SELECT * FROM `sp_users` WHERE ( id=1 ) LIMIT 1   [ RunTime:0.0004s ]
NOTIC: D方法实例化没找到模型类Todo\Model\TodoModel
SQL: SHOW COLUMNS FROM `sp_todo` [ RunTime:0.0035s ]
SQL: SELECT * FROM `sp_todo` WHERE `show` = 1 ORDER BY priority ASC  [ RunTime:0.0005s ]
INFO: [ view_parse ] --START--
INFO: [ template_filter ] --START--
INFO: Run Behavior\ContentReplaceBehavior [ RunTime:0.000163s ]
INFO: [ template_filter ] --END-- [ RunTime:0.000205s ]
INFO: Run Behavior\ParseTemplateBehavior [ RunTime:0.013270s ]
INFO: [ view_parse ] --END-- [ RunTime:0.013313s ]
INFO: [ view_filter ] --START--
INFO: Run Behavior\WriteHtmlCacheBehavior [ RunTime:0.000474s ]
INFO: Run Common\Behavior\TmplStripSpaceBehavior [ RunTime:0.000580s ]
INFO: [ view_filter ] --END-- [ RunTime:0.001108s ]
INFO: [ app_end ] --START--
INFO: Run Behavior\ShowPageTraceBehavior [ RunTime:0.000894s ]
INFO: [ app_end ] --END-- [ RunTime:0.000955s ]

[ 2015-03-25T15:14:35+08:00 ] 127.0.0.1 /ThinkCMFX1.5.0/index.php?g=Todo&m=Indexadmin&a=index&menuid=159
NOTIC: D方法实例化没找到模型类Todo\Model\TodoModel

[ 2015-03-25T15:14:43+08:00 ] 127.0.0.1 /ThinkCMFX1.5.0/index.php?g=Todo&m=Indexadmin&a=addnewtodo
INFO: [ app_begin ] --START--
INFO: Run Behavior\ReadHtmlCacheBehavior [ RunTime:0.000671s ]
INFO: Run Behavior\CheckLangBehavior [ RunTime:0.001112s ]
INFO: [ app_begin ] --END-- [ RunTime:0.002199s ]
SQL: SHOW COLUMNS FROM `sp_users` [ RunTime:0.0041s ]
SQL: SELECT * FROM `sp_users` WHERE ( id=1 ) LIMIT 1   [ RunTime:0.0004s ]
NOTIC: D方法实例化没找到模型类Todo\Model\TodoModel
SQL: SHOW COLUMNS FROM `sp_todo` [ RunTime:0.0045s ]
SQL: INSERT INTO `sp_todo` (`title`,`listname`,`state`,`groupname`,`deadline`,`description`,`priority`,`privacy`) VALUES ('1','list1','1','1','2015-03-30','去','1','1') [ RunTime:0.0055s ]
INFO: [ app_end ] --START--
INFO: Run Behavior\ShowPageTraceBehavior [ RunTime:0.000846s ]
INFO: [ app_end ] --END-- [ RunTime:0.000890s ]

[ 2015-03-25T15:14:44+08:00 ] 127.0.0.1 /ThinkCMFX1.5.0/index.php?g=Todo&m=Indexadmin&a=index
INFO: [ app_begin ] --START--
INFO: Run Behavior\ReadHtmlCacheBehavior [ RunTime:0.000677s ]
INFO: Run Behavior\CheckLangBehavior [ RunTime:0.001037s ]
INFO: [ app_begin ] --END-- [ RunTime:0.002125s ]
SQL: SHOW COLUMNS FROM `sp_users` [ RunTime:0.0038s ]
SQL: SELECT * FROM `sp_users` WHERE ( id=1 ) LIMIT 1   [ RunTime:0.0004s ]
NOTIC: D方法实例化没找到模型类Todo\Model\TodoModel
SQL: SHOW COLUMNS FROM `sp_todo` [ RunTime:0.0036s ]
SQL: SELECT * FROM `sp_todo` WHERE `show` = 1 ORDER BY priority ASC  [ RunTime:0.0005s ]
INFO: [ view_parse ] --START--
INFO: [ template_filter ] --START--
INFO: Run Behavior\ContentReplaceBehavior [ RunTime:0.000187s ]
INFO: [ template_filter ] --END-- [ RunTime:0.000237s ]
INFO: Run Behavior\ParseTemplateBehavior [ RunTime:0.012774s ]
INFO: [ view_parse ] --END-- [ RunTime:0.012817s ]
INFO: [ view_filter ] --START--
INFO: Run Behavior\WriteHtmlCacheBehavior [ RunTime:0.000471s ]
INFO: Run Common\Behavior\TmplStripSpaceBehavior [ RunTime:0.000574s ]
INFO: [ view_filter ] --END-- [ RunTime:0.001097s ]
INFO: [ app_end ] --START--
INFO: Run Behavior\ShowPageTraceBehavior [ RunTime:0.000908s ]
INFO: [ app_end ] --END-- [ RunTime:0.000967s ]

[ 2015-03-25T15:15:40+08:00 ] 127.0.0.1 /ThinkCMFX1.5.0/index.php?g=Todo&m=Indexadmin&a=index&menuid=159
NOTIC: D方法实例化没找到模型类Todo\Model\TodoModel

[ 2015-03-25T15:15:47+08:00 ] 127.0.0.1 /ThinkCMFX1.5.0/index.php?g=Todo&m=Indexadmin&a=addnewtodo
INFO: [ app_begin ] --START--
INFO: Run Behavior\ReadHtmlCacheBehavior [ RunTime:0.000889s ]
INFO: Run Behavior\CheckLangBehavior [ RunTime:0.000985s ]
INFO: [ app_begin ] --END-- [ RunTime:0.002379s ]
SQL: SHOW COLUMNS FROM `sp_users` [ RunTime:0.0041s ]
SQL: SELECT * FROM `sp_users` WHERE ( id=1 ) LIMIT 1   [ RunTime:0.0005s ]
NOTIC: D方法实例化没找到模型类Todo\Model\TodoModel
SQL: SHOW COLUMNS FROM `sp_todo` [ RunTime:0.0049s ]
SQL: INSERT INTO `sp_todo` (`title`,`listname`,`state`,`groupname`,`deadline`,`description`,`priority`,`privacy`) VALUES ('是','list1','1','','2015-03-23','','1','1') [ RunTime:0.0040s ]
INFO: [ app_end ] --START--
INFO: Run Behavior\ShowPageTraceBehavior [ RunTime:0.000856s ]
INFO: [ app_end ] --END-- [ RunTime:0.000902s ]

[ 2015-03-25T15:15:47+08:00 ] 127.0.0.1 /ThinkCMFX1.5.0/index.php?g=Todo&m=Indexadmin&a=index
INFO: [ app_begin ] --START--
INFO: Run Behavior\ReadHtmlCacheBehavior [ RunTime:0.000847s ]
INFO: Run Behavior\CheckLangBehavior [ RunTime:0.001062s ]
INFO: [ app_begin ] --END-- [ RunTime:0.002365s ]
SQL: SHOW COLUMNS FROM `sp_users` [ RunTime:0.0039s ]
SQL: SELECT * FROM `sp_users` WHERE ( id=1 ) LIMIT 1   [ RunTime:0.0003s ]
NOTIC: D方法实例化没找到模型类Todo\Model\TodoModel
SQL: SHOW COLUMNS FROM `sp_todo` [ RunTime:0.0037s ]
SQL: SELECT * FROM `sp_todo` WHERE `show` = 1 ORDER BY priority ASC  [ RunTime:0.0005s ]
INFO: [ view_parse ] --START--
INFO: [ template_filter ] --START--
INFO: Run Behavior\ContentReplaceBehavior [ RunTime:0.000177s ]
INFO: [ template_filter ] --END-- [ RunTime:0.000218s ]
INFO: Run Behavior\ParseTemplateBehavior [ RunTime:0.013047s ]
INFO: [ view_parse ] --END-- [ RunTime:0.013090s ]
INFO: [ view_filter ] --START--
INFO: Run Behavior\WriteHtmlCacheBehavior [ RunTime:0.000481s ]
INFO: Run Common\Behavior\TmplStripSpaceBehavior [ RunTime:0.000533s ]
INFO: [ view_filter ] --END-- [ RunTime:0.001064s ]
INFO: [ app_end ] --START--
INFO: Run Behavior\ShowPageTraceBehavior [ RunTime:0.000935s ]
INFO: [ app_end ] --END-- [ RunTime:0.000998s ]

[ 2015-03-25T15:20:10+08:00 ] 127.0.0.1 /ThinkCMFX1.5.0/index.php?g=Todo&m=Indexadmin&a=index&menuid=159
NOTIC: D方法实例化没找到模型类Todo\Model\TodoModel

[ 2015-03-25T15:20:16+08:00 ] 127.0.0.1 /ThinkCMFX1.5.0/index.php?g=Todo&m=Indexadmin&a=addnewtodo
INFO: [ app_begin ] --START--
INFO: Run Behavior\ReadHtmlCacheBehavior [ RunTime:0.000653s ]
INFO: Run Behavior\CheckLangBehavior [ RunTime:0.001046s ]
INFO: [ app_begin ] --END-- [ RunTime:0.002145s ]
SQL: SHOW COLUMNS FROM `sp_users` [ RunTime:0.0042s ]
SQL: SELECT * FROM `sp_users` WHERE ( id=1 ) LIMIT 1   [ RunTime:0.0004s ]
NOTIC: D方法实例化没找到模型类Todo\Model\TodoModel
SQL: SHOW COLUMNS FROM `sp_todo` [ RunTime:0.0039s ]
SQL: INSERT INTO `sp_todo` (`title`,`listname`,`state`,`groupname`,`deadline`,`description`,`priority`,`privacy`) VALUES ('q','list1','1','','2015-03-25','','1','1') [ RunTime:0.0047s ]
INFO: [ app_end ] --START--
INFO: Run Behavior\ShowPageTraceBehavior [ RunTime:0.000834s ]
INFO: [ app_end ] --END-- [ RunTime:0.000880s ]

[ 2015-03-25T15:20:45+08:00 ] 127.0.0.1 /ThinkCMFX1.5.0/index.php?g=Todo&m=Indexadmin&a=addnewtodo
INFO: [ app_begin ] --START--
INFO: Run Behavior\ReadHtmlCacheBehavior [ RunTime:0.000814s ]
INFO: Run Behavior\CheckLangBehavior [ RunTime:0.001366s ]
INFO: [ app_begin ] --END-- [ RunTime:0.002642s ]
SQL: SHOW COLUMNS FROM `sp_users` [ RunTime:0.0046s ]
SQL: SELECT * FROM `sp_users` WHERE ( id=1 ) LIMIT 1   [ RunTime:0.0004s ]
NOTIC: D方法实例化没找到模型类Todo\Model\TodoModel
SQL: SHOW COLUMNS FROM `sp_todo` [ RunTime:0.0038s ]
SQL: INSERT INTO `sp_todo` (`title`,`listname`,`state`,`groupname`,`deadline`,`description`,`priority`,`privacy`) VALUES ('q','list1','1','','2015-03-25','','1','1') [ RunTime:0.0199s ]
INFO: [ app_end ] --START--
INFO: Run Behavior\ShowPageTraceBehavior [ RunTime:0.000919s ]
INFO: [ app_end ] --END-- [ RunTime:0.000982s ]

[ 2015-03-25T15:20:57+08:00 ] 127.0.0.1 /ThinkCMFX1.5.0/index.php?g=Todo&m=Indexadmin&a=index&menuid=159
NOTIC: D方法实例化没找到模型类Todo\Model\TodoModel

[ 2015-03-25T15:21:04+08:00 ] 127.0.0.1 /ThinkCMFX1.5.0/index.php?g=Todo&m=Indexadmin&a=addnewtodo
INFO: [ app_begin ] --START--
INFO: Run Behavior\ReadHtmlCacheBehavior [ RunTime:0.000833s ]
INFO: Run Behavior\CheckLangBehavior [ RunTime:0.001195s ]
INFO: [ app_begin ] --END-- [ RunTime:0.002588s ]
SQL: SHOW COLUMNS FROM `sp_users` [ RunTime:0.0044s ]
SQL: SELECT * FROM `sp_users` WHERE ( id=1 ) LIMIT 1   [ RunTime:0.0004s ]
NOTIC: D方法实例化没找到模型类Todo\Model\TodoModel
SQL: SHOW COLUMNS FROM `sp_todo` [ RunTime:0.0042s ]
SQL: INSERT INTO `sp_todo` (`title`,`listname`,`state`,`groupname`,`deadline`,`description`,`priority`,`privacy`) VALUES ('q','list1','1','','2015-03-24','','1','1') [ RunTime:0.0041s ]
INFO: [ app_end ] --START--
INFO: Run Behavior\ShowPageTraceBehavior [ RunTime:0.000856s ]
INFO: [ app_end ] --END-- [ RunTime:0.000901s ]

[ 2015-03-25T15:22:33+08:00 ] 127.0.0.1 /ThinkCMFX1.5.0/index.php?g=Todo&m=Indexadmin&a=index&menuid=159
NOTIC: D方法实例化没找到模型类Todo\Model\TodoModel

[ 2015-03-25T15:22:39+08:00 ] 127.0.0.1 /ThinkCMFX1.5.0/index.php?g=Todo&m=Indexadmin&a=addnewtodo
INFO: [ app_begin ] --START--
INFO: Run Behavior\ReadHtmlCacheBehavior [ RunTime:0.000725s ]
INFO: Run Behavior\CheckLangBehavior [ RunTime:0.001216s ]
INFO: [ app_begin ] --END-- [ RunTime:0.002403s ]
SQL: SHOW COLUMNS FROM `sp_users` [ RunTime:0.0052s ]
SQL: SELECT * FROM `sp_users` WHERE ( id=1 ) LIMIT 1   [ RunTime:0.0004s ]
NOTIC: D方法实例化没找到模型类Todo\Model\TodoModel
SQL: SHOW COLUMNS FROM `sp_todo` [ RunTime:0.0052s ]
SQL: INSERT INTO `sp_todo` (`title`,`listname`,`state`,`groupname`,`deadline`,`description`,`priority`,`privacy`) VALUES ('a','list1','1','','2015-03-31','','1','1') [ RunTime:0.0053s ]
INFO: [ app_end ] --START--
INFO: Run Behavior\ShowPageTraceBehavior [ RunTime:0.000829s ]
INFO: [ app_end ] --END-- [ RunTime:0.000874s ]

[ 2015-03-25T15:22:39+08:00 ] 127.0.0.1 /ThinkCMFX1.5.0/index.php?g=Todo&m=Indexadmin&a=index&menuid=159
NOTIC: D方法实例化没找到模型类Todo\Model\TodoModel

[ 2015-03-25T15:24:02+08:00 ] 127.0.0.1 /ThinkCMFX1.5.0/index.php?g=Todo&m=Indexadmin&a=addnewtodo
NOTIC: D方法实例化没找到模型类Todo\Model\TodoModel

[ 2015-03-25T15:27:01+08:00 ] 127.0.0.1 /ThinkCMFX1.5.0/index.php?g=Todo&m=Indexadmin&a=index
NOTIC: D方法实例化没找到模型类Todo\Model\TodoModel

[ 2015-03-25T15:30:52+08:00 ] 127.0.0.1 /ThinkCMFX1.5.0/index.php?g=Todo&m=Indexadmin&a=index
NOTIC: D方法实例化没找到模型类Todo\Model\TodoModel

[ 2015-03-25T15:31:05+08:00 ] 127.0.0.1 /ThinkCMFX1.5.0/index.php?g=Todo&m=Indexadmin&a=index
NOTIC: D方法实例化没找到模型类Todo\Model\TodoModel

[ 2015-03-25T15:33:36+08:00 ] 127.0.0.1 /ThinkCMFX1.5.0/index.php?g=Todo&m=Indexadmin&a=index
NOTIC: D方法实例化没找到模型类Todo\Model\TodoModel

[ 2015-03-25T15:33:58+08:00 ] 127.0.0.1 /ThinkCMFX1.5.0/index.php?g=Todo&m=Indexadmin&a=index
NOTIC: D方法实例化没找到模型类Todo\Model\TodoModel

[ 2015-03-25T15:36:51+08:00 ] 127.0.0.1 /ThinkCMFX1.5.0/index.php?g=Todo&m=Indexadmin&a=index
NOTIC: D方法实例化没找到模型类Todo\Model\TodoModel

[ 2015-03-25T15:36:59+08:00 ] 127.0.0.1 /ThinkCMFX1.5.0/index.php?g=Todo&m=Indexadmin&a=index
NOTIC: D方法实例化没找到模型类Todo\Model\TodoModel

[ 2015-03-25T15:37:14+08:00 ] 127.0.0.1 /ThinkCMFX1.5.0/index.php?g=Todo&m=Indexadmin&a=index
NOTIC: D方法实例化没找到模型类Todo\Model\TodoModel

[ 2015-03-25T15:37:25+08:00 ] 127.0.0.1 /ThinkCMFX1.5.0/index.php?g=Todo&m=Indexadmin&a=index
NOTIC: D方法实例化没找到模型类Todo\Model\TodoModel

[ 2015-03-25T15:37:54+08:00 ] 127.0.0.1 /ThinkCMFX1.5.0/index.php?g=Todo&m=Indexadmin&a=index
NOTIC: D方法实例化没找到模型类Todo\Model\TodoModel

[ 2015-03-25T15:46:36+08:00 ] 127.0.0.1 /ThinkCMFX1.5.0/index.php?g=Todo&m=Indexadmin&a=index
NOTIC: D方法实例化没找到模型类Todo\Model\TodoModel

[ 2015-03-25T15:46:38+08:00 ] 127.0.0.1 /ThinkCMFX1.5.0/index.php?g=Todo&m=Indexadmin&a=movetodoing
INFO: [ app_begin ] --START--
INFO: Run Behavior\ReadHtmlCacheBehavior [ RunTime:0.000769s ]
INFO: Run Behavior\CheckLangBehavior [ RunTime:0.001190s ]
INFO: [ app_begin ] --END-- [ RunTime:0.002434s ]
SQL: SHOW COLUMNS FROM `sp_users` [ RunTime:0.0043s ]
SQL: SELECT * FROM `sp_users` WHERE ( id=1 ) LIMIT 1   [ RunTime:0.0004s ]
NOTIC: D方法实例化没找到模型类Todo\Model\TodoModel
SQL: SHOW COLUMNS FROM `sp_todo` [ RunTime:0.0038s ]
NOTIC: [8] Undefined variable: set E:\server\nginx\html\ThinkCMFX1.5.0\simplewind\Core\Library\Think\Db\Driver.class.php 第 376 行.
NOTIC: [2] implode(): Invalid arguments passed E:\server\nginx\html\ThinkCMFX1.5.0\simplewind\Core\Library\Think\Db\Driver.class.php 第 376 行.
ERR: SQLSTATE[42000]: Syntax error or access violation: 1064 You have an error in your SQL syntax; check the manual that corresponds to your MySQL server version for the right syntax to use near 'WHERE `id` = 1' at line 1

[ 2015-03-25T15:47:02+08:00 ] 127.0.0.1 /ThinkCMFX1.5.0/index.php?g=Todo&m=Indexadmin&a=movetodoing
NOTIC: D方法实例化没找到模型类Todo\Model\TodoModel

[ 2015-03-25T15:47:33+08:00 ] 127.0.0.1 /ThinkCMFX1.5.0/index.php?g=Todo&m=Indexadmin&a=index
NOTIC: D方法实例化没找到模型类Todo\Model\TodoModel

[ 2015-03-25T15:47:34+08:00 ] 127.0.0.1 /ThinkCMFX1.5.0/index.php?g=Todo&m=Indexadmin&a=movetodoing
INFO: [ app_begin ] --START--
INFO: Run Behavior\ReadHtmlCacheBehavior [ RunTime:0.000769s ]
INFO: Run Behavior\CheckLangBehavior [ RunTime:0.001286s ]
INFO: [ app_begin ] --END-- [ RunTime:0.002524s ]
SQL: SHOW COLUMNS FROM `sp_users` [ RunTime:0.0037s ]
SQL: SELECT * FROM `sp_users` WHERE ( id=1 ) LIMIT 1   [ RunTime:0.0004s ]
NOTIC: D方法实例化没找到模型类Todo\Model\TodoModel
SQL: SHOW COLUMNS FROM `sp_todo` [ RunTime:0.0041s ]
NOTIC: [8] Undefined variable: set E:\server\nginx\html\ThinkCMFX1.5.0\simplewind\Core\Library\Think\Db\Driver.class.php 第 376 行.
NOTIC: [2] implode(): Invalid arguments passed E:\server\nginx\html\ThinkCMFX1.5.0\simplewind\Core\Library\Think\Db\Driver.class.php 第 376 行.
ERR: SQLSTATE[42000]: Syntax error or access violation: 1064 You have an error in your SQL syntax; check the manual that corresponds to your MySQL server version for the right syntax to use near 'WHERE `id` = 1' at line 1

[ 2015-03-25T15:48:08+08:00 ] 127.0.0.1 /ThinkCMFX1.5.0/index.php?g=Todo&m=Indexadmin&a=index&menuid=159
NOTIC: D方法实例化没找到模型类Todo\Model\TodoModel

[ 2015-03-25T15:48:11+08:00 ] 127.0.0.1 /ThinkCMFX1.5.0/index.php?g=Todo&m=Indexadmin&a=movetodoing
INFO: [ app_begin ] --START--
INFO: Run Behavior\ReadHtmlCacheBehavior [ RunTime:0.000772s ]
INFO: Run Behavior\CheckLangBehavior [ RunTime:0.001151s ]
INFO: [ app_begin ] --END-- [ RunTime:0.002415s ]
SQL: SHOW COLUMNS FROM `sp_users` [ RunTime:0.0039s ]
SQL: SELECT * FROM `sp_users` WHERE ( id=1 ) LIMIT 1   [ RunTime:0.0004s ]
NOTIC: D方法实例化没找到模型类Todo\Model\TodoModel
SQL: SHOW COLUMNS FROM `sp_todo` [ RunTime:0.0044s ]
NOTIC: [8] Undefined variable: set E:\server\nginx\html\ThinkCMFX1.5.0\simplewind\Core\Library\Think\Db\Driver.class.php 第 376 行.
NOTIC: [2] implode(): Invalid arguments passed E:\server\nginx\html\ThinkCMFX1.5.0\simplewind\Core\Library\Think\Db\Driver.class.php 第 376 行.
ERR: SQLSTATE[42000]: Syntax error or access violation: 1064 You have an error in your SQL syntax; check the manual that corresponds to your MySQL server version for the right syntax to use near 'WHERE `id` = 1' at line 1

[ 2015-03-25T15:49:07+08:00 ] 127.0.0.1 /ThinkCMFX1.5.0/index.php?g=Todo&m=Indexadmin&a=movetodoing
INFO: [ app_begin ] --START--
INFO: Run Behavior\ReadHtmlCacheBehavior [ RunTime:0.000827s ]
INFO: Run Behavior\CheckLangBehavior [ RunTime:0.001343s ]
INFO: [ app_begin ] --END-- [ RunTime:0.002709s ]
SQL: SHOW COLUMNS FROM `sp_users` [ RunTime:0.0049s ]
SQL: SELECT * FROM `sp_users` WHERE ( id=1 ) LIMIT 1   [ RunTime:0.0005s ]
NOTIC: D方法实例化没找到模型类Todo\Model\TodoModel
SQL: SHOW COLUMNS FROM `sp_todo` [ RunTime:0.0044s ]
NOTIC: [8] Undefined variable: set E:\server\nginx\html\ThinkCMFX1.5.0\simplewind\Core\Library\Think\Db\Driver.class.php 第 376 行.
NOTIC: [2] implode(): Invalid arguments passed E:\server\nginx\html\ThinkCMFX1.5.0\simplewind\Core\Library\Think\Db\Driver.class.php 第 376 行.
ERR: SQLSTATE[42000]: Syntax error or access violation: 1064 You have an error in your SQL syntax; check the manual that corresponds to your MySQL server version for the right syntax to use near 'WHERE `id` = 1' at line 1

[ 2015-03-25T15:49:56+08:00 ] 127.0.0.1 /ThinkCMFX1.5.0/index.php?g=Todo&m=Indexadmin&a=movetodoing
INFO: [ app_begin ] --START--
INFO: Run Behavior\ReadHtmlCacheBehavior [ RunTime:0.000797s ]
INFO: Run Behavior\CheckLangBehavior [ RunTime:0.001313s ]
INFO: [ app_begin ] --END-- [ RunTime:0.002861s ]
SQL: SHOW COLUMNS FROM `sp_users` [ RunTime:0.0975s ]
SQL: SELECT * FROM `sp_users` WHERE ( id=1 ) LIMIT 1   [ RunTime:0.0012s ]
NOTIC: D方法实例化没找到模型类Todo\Model\TodoModel
SQL: SHOW COLUMNS FROM `sp_todo` [ RunTime:0.0126s ]
NOTIC: [8] Undefined variable: set E:\server\nginx\html\ThinkCMFX1.5.0\simplewind\Core\Library\Think\Db\Driver.class.php 第 376 行.
NOTIC: [2] implode(): Invalid arguments passed E:\server\nginx\html\ThinkCMFX1.5.0\simplewind\Core\Library\Think\Db\Driver.class.php 第 376 行.
ERR: SQLSTATE[42000]: Syntax error or access violation: 1064 You have an error in your SQL syntax; check the manual that corresponds to your MySQL server version for the right syntax to use near 'WHERE `id` = 1' at line 1

[ 2015-03-25T15:50:05+08:00 ] 127.0.0.1 /ThinkCMFX1.5.0/index.php?g=Todo&m=Indexadmin&a=index&menuid=159
NOTIC: D方法实例化没找到模型类Todo\Model\TodoModel

[ 2015-03-25T15:50:13+08:00 ] 127.0.0.1 /ThinkCMFX1.5.0/index.php?g=Todo&m=Indexadmin&a=movetodoing
INFO: [ app_begin ] --START--
INFO: Run Behavior\ReadHtmlCacheBehavior [ RunTime:0.001039s ]
INFO: Run Behavior\CheckLangBehavior [ RunTime:0.001299s ]
INFO: [ app_begin ] --END-- [ RunTime:0.002908s ]
SQL: SHOW COLUMNS FROM `sp_users` [ RunTime:0.0038s ]
SQL: SELECT * FROM `sp_users` WHERE ( id=1 ) LIMIT 1   [ RunTime:0.0004s ]
NOTIC: D方法实例化没找到模型类Todo\Model\TodoModel
SQL: SHOW COLUMNS FROM `sp_todo` [ RunTime:0.0037s ]
SQL: UPDATE `sp_todo` SET `state`='2' WHERE `id` = 1 [ RunTime:0.0035s ]
INFO: [ app_end ] --START--
INFO: Run Behavior\ShowPageTraceBehavior [ RunTime:0.000797s ]
INFO: [ app_end ] --END-- [ RunTime:0.000839s ]

[ 2015-03-25T15:53:15+08:00 ] 127.0.0.1 /ThinkCMFX1.5.0/index.php?g=Todo&m=Indexadmin&a=index&menuid=159
NOTIC: D方法实例化没找到模型类Todo\Model\TodoModel

[ 2015-03-25T15:53:17+08:00 ] 127.0.0.1 /ThinkCMFX1.5.0/index.php?g=Todo&m=Indexadmin&a=move
INFO: [ app_begin ] --START--
INFO: Run Behavior\ReadHtmlCacheBehavior [ RunTime:0.000914s ]
INFO: Run Behavior\CheckLangBehavior [ RunTime:0.001385s ]
INFO: [ app_begin ] --END-- [ RunTime:0.002787s ]
SQL: SHOW COLUMNS FROM `sp_users` [ RunTime:0.0048s ]
SQL: SELECT * FROM `sp_users` WHERE ( id=1 ) LIMIT 1   [ RunTime:0.0005s ]
NOTIC: D方法实例化没找到模型类Todo\Model\TodoModel
SQL: SHOW COLUMNS FROM `sp_todo` [ RunTime:0.0038s ]
SQL: UPDATE `sp_todo` SET `state`='2' WHERE `id` = 6 [ RunTime:0.0122s ]
INFO: [ app_end ] --START--
INFO: Run Behavior\ShowPageTraceBehavior [ RunTime:0.000827s ]
INFO: [ app_end ] --END-- [ RunTime:0.000868s ]

[ 2015-03-25T15:53:19+08:00 ] 127.0.0.1 /ThinkCMFX1.5.0/index.php?g=Todo&m=Indexadmin&a=move
INFO: [ app_begin ] --START--
INFO: Run Behavior\ReadHtmlCacheBehavior [ RunTime:0.000721s ]
INFO: Run Behavior\CheckLangBehavior [ RunTime:0.001111s ]
INFO: [ app_begin ] --END-- [ RunTime:0.002270s ]
SQL: SHOW COLUMNS FROM `sp_users` [ RunTime:0.0132s ]
SQL: SELECT * FROM `sp_users` WHERE ( id=1 ) LIMIT 1   [ RunTime:0.0013s ]
NOTIC: D方法实例化没找到模型类Todo\Model\TodoModel
SQL: SHOW COLUMNS FROM `sp_todo` [ RunTime:0.0126s ]
SQL: UPDATE `sp_todo` SET `state`='3' WHERE `id` = 1 [ RunTime:0.0053s ]
INFO: [ app_end ] --START--
INFO: Run Behavior\ShowPageTraceBehavior [ RunTime:0.002607s ]
INFO: [ app_end ] --END-- [ RunTime:0.002747s ]

[ 2015-03-25T15:53:39+08:00 ] 127.0.0.1 /ThinkCMFX1.5.0/index.php?g=Todo&m=Indexadmin&a=index&menuid=159
NOTIC: D方法实例化没找到模型类Todo\Model\TodoModel

[ 2015-03-25T15:54:11+08:00 ] 127.0.0.1 /ThinkCMFX1.5.0/index.php?g=Todo&m=Indexadmin&a=addnewtodo
INFO: [ app_begin ] --START--
INFO: Run Behavior\ReadHtmlCacheBehavior [ RunTime:0.000675s ]
INFO: Run Behavior\CheckLangBehavior [ RunTime:0.001044s ]
INFO: [ app_begin ] --END-- [ RunTime:0.002177s ]
SQL: SHOW COLUMNS FROM `sp_users` [ RunTime:0.0140s ]
SQL: SELECT * FROM `sp_users` WHERE ( id=1 ) LIMIT 1   [ RunTime:0.0012s ]
NOTIC: D方法实例化没找到模型类Todo\Model\TodoModel
SQL: SHOW COLUMNS FROM `sp_todo` [ RunTime:0.0129s ]
SQL: INSERT INTO `sp_todo` (`title`,`listname`,`state`,`groupname`,`deadline`,`description`,`priority`,`privacy`) VALUES ('test','list1','1','test','2015-03-10','test','4','1') [ RunTime:0.0112s ]
INFO: [ app_end ] --START--
INFO: Run Behavior\ShowPageTraceBehavior [ RunTime:0.002914s ]
INFO: [ app_end ] --END-- [ RunTime:0.003066s ]

[ 2015-03-25T15:54:11+08:00 ] 127.0.0.1 /ThinkCMFX1.5.0/index.php?g=Todo&m=Indexadmin&a=index&menuid=159
NOTIC: D方法实例化没找到模型类Todo\Model\TodoModel

[ 2015-03-25T15:54:22+08:00 ] 127.0.0.1 /ThinkCMFX1.5.0/index.php?g=Todo&m=Indexadmin&a=move
INFO: [ app_begin ] --START--
INFO: Run Behavior\ReadHtmlCacheBehavior [ RunTime:0.000679s ]
INFO: Run Behavior\CheckLangBehavior [ RunTime:0.001041s ]
INFO: [ app_begin ] --END-- [ RunTime:0.002148s ]
SQL: SHOW COLUMNS FROM `sp_users` [ RunTime:0.0047s ]
SQL: SELECT * FROM `sp_users` WHERE ( id=1 ) LIMIT 1   [ RunTime:0.0004s ]
NOTIC: D方法实例化没找到模型类Todo\Model\TodoModel
SQL: SHOW COLUMNS FROM `sp_todo` [ RunTime:0.0048s ]
SQL: UPDATE `sp_todo` SET `state`='2' WHERE `id` = 32 [ RunTime:0.0736s ]
INFO: [ app_end ] --START--
INFO: Run Behavior\ShowPageTraceBehavior [ RunTime:0.002776s ]
INFO: [ app_end ] --END-- [ RunTime:0.002931s ]

[ 2015-03-25T15:54:29+08:00 ] 127.0.0.1 /ThinkCMFX1.5.0/index.php?g=Todo&m=Indexadmin&a=move
INFO: [ app_begin ] --START--
INFO: Run Behavior\ReadHtmlCacheBehavior [ RunTime:0.000893s ]
INFO: Run Behavior\CheckLangBehavior [ RunTime:0.001048s ]
INFO: [ app_begin ] --END-- [ RunTime:0.002586s ]
SQL: SHOW COLUMNS FROM `sp_users` [ RunTime:0.0037s ]
SQL: SELECT * FROM `sp_users` WHERE ( id=1 ) LIMIT 1   [ RunTime:0.0004s ]
NOTIC: D方法实例化没找到模型类Todo\Model\TodoModel
SQL: SHOW COLUMNS FROM `sp_todo` [ RunTime:0.0036s ]
SQL: UPDATE `sp_todo` SET `state`='1' WHERE `id` = 32 [ RunTime:0.0044s ]
INFO: [ app_end ] --START--
INFO: Run Behavior\ShowPageTraceBehavior [ RunTime:0.000825s ]
INFO: [ app_end ] --END-- [ RunTime:0.000867s ]

[ 2015-03-25T15:54:40+08:00 ] 127.0.0.1 /ThinkCMFX1.5.0/index.php?g=Todo&m=Indexadmin&a=move
INFO: [ app_begin ] --START--
INFO: Run Behavior\ReadHtmlCacheBehavior [ RunTime:0.000721s ]
INFO: Run Behavior\CheckLangBehavior [ RunTime:0.001131s ]
INFO: [ app_begin ] --END-- [ RunTime:0.002343s ]
SQL: SHOW COLUMNS FROM `sp_users` [ RunTime:0.0044s ]
SQL: SELECT * FROM `sp_users` WHERE ( id=1 ) LIMIT 1   [ RunTime:0.0005s ]
NOTIC: D方法实例化没找到模型类Todo\Model\TodoModel
SQL: SHOW COLUMNS FROM `sp_todo` [ RunTime:0.0050s ]
SQL: UPDATE `sp_todo` SET `state`='2' WHERE `id` = 32 [ RunTime:0.0038s ]
INFO: [ app_end ] --START--
INFO: Run Behavior\ShowPageTraceBehavior [ RunTime:0.001135s ]
INFO: [ app_end ] --END-- [ RunTime:0.001201s ]

[ 2015-03-25T15:54:41+08:00 ] 127.0.0.1 /ThinkCMFX1.5.0/index.php?g=Todo&m=Indexadmin&a=move
INFO: [ app_begin ] --START--
INFO: Run Behavior\ReadHtmlCacheBehavior [ RunTime:0.000690s ]
INFO: Run Behavior\CheckLangBehavior [ RunTime:0.000989s ]
INFO: [ app_begin ] --END-- [ RunTime:0.002079s ]
SQL: SHOW COLUMNS FROM `sp_users` [ RunTime:0.0051s ]
SQL: SELECT * FROM `sp_users` WHERE ( id=1 ) LIMIT 1   [ RunTime:0.0004s ]
NOTIC: D方法实例化没找到模型类Todo\Model\TodoModel
SQL: SHOW COLUMNS FROM `sp_todo` [ RunTime:0.0038s ]
SQL: UPDATE `sp_todo` SET `state`='3' WHERE `id` = 32 [ RunTime:0.0053s ]
INFO: [ app_end ] --START--
INFO: Run Behavior\ShowPageTraceBehavior [ RunTime:0.000805s ]
INFO: [ app_end ] --END-- [ RunTime:0.000846s ]

[ 2015-03-25T16:02:11+08:00 ] 127.0.0.1 //ThinkCMFX1.5.0/index.php?g=Todo&m=Indexadmin&a=index
NOTIC: D方法实例化没找到模型类Todo\Model\TodoModel

[ 2015-03-25T16:02:16+08:00 ] 127.0.0.1 /ThinkCMFX1.5.0/index.php?g=Todo&m=Indexadmin&a=move
INFO: [ app_begin ] --START--
INFO: Run Behavior\ReadHtmlCacheBehavior [ RunTime:0.000669s ]
INFO: Run Behavior\CheckLangBehavior [ RunTime:0.001085s ]
INFO: [ app_begin ] --END-- [ RunTime:0.002191s ]
SQL: SHOW COLUMNS FROM `sp_users` [ RunTime:0.0039s ]
SQL: SELECT * FROM `sp_users` WHERE ( id=1 ) LIMIT 1   [ RunTime:0.0004s ]
NOTIC: D方法实例化没找到模型类Todo\Model\TodoModel
SQL: SHOW COLUMNS FROM `sp_todo` [ RunTime:0.0037s ]
SQL: UPDATE `sp_todo` SET `show`='0' WHERE `id` = 32 [ RunTime:0.0043s ]
INFO: [ app_end ] --START--
INFO: Run Behavior\ShowPageTraceBehavior [ RunTime:0.000798s ]
INFO: [ app_end ] --END-- [ RunTime:0.000841s ]

[ 2015-03-25T16:02:39+08:00 ] 127.0.0.1 //ThinkCMFX1.5.0/index.php?g=Todo&m=Indexadmin&a=index
NOTIC: D方法实例化没找到模型类Todo\Model\TodoModel

[ 2015-03-25T16:02:42+08:00 ] 127.0.0.1 /ThinkCMFX1.5.0/index.php?g=Todo&m=Indexadmin&a=move
INFO: [ app_begin ] --START--
INFO: Run Behavior\ReadHtmlCacheBehavior [ RunTime:0.000815s ]
INFO: Run Behavior\CheckLangBehavior [ RunTime:0.001229s ]
INFO: [ app_begin ] --END-- [ RunTime:0.002538s ]
SQL: SHOW COLUMNS FROM `sp_users` [ RunTime:0.0037s ]
SQL: SELECT * FROM `sp_users` WHERE ( id=1 ) LIMIT 1   [ RunTime:0.0004s ]
NOTIC: D方法实例化没找到模型类Todo\Model\TodoModel
SQL: SHOW COLUMNS FROM `sp_todo` [ RunTime:0.0036s ]
SQL: UPDATE `sp_todo` SET `state`='3',`priority`='5' WHERE `id` = 32 [ RunTime:0.0037s ]
INFO: [ app_end ] --START--
INFO: Run Behavior\ShowPageTraceBehavior [ RunTime:0.000980s ]
INFO: [ app_end ] --END-- [ RunTime:0.001031s ]

[ 2015-03-25T16:03:24+08:00 ] 127.0.0.1 //ThinkCMFX1.5.0/index.php?g=Todo&m=Indexadmin&a=index
NOTIC: D方法实例化没找到模型类Todo\Model\TodoModel

[ 2015-03-25T16:03:31+08:00 ] 127.0.0.1 /ThinkCMFX1.5.0/index.php?g=Todo&m=Indexadmin&a=move
INFO: [ app_begin ] --START--
INFO: Run Behavior\ReadHtmlCacheBehavior [ RunTime:0.000668s ]
INFO: Run Behavior\CheckLangBehavior [ RunTime:0.001064s ]
INFO: [ app_begin ] --END-- [ RunTime:0.002148s ]
SQL: SHOW COLUMNS FROM `sp_users` [ RunTime:0.0038s ]
SQL: SELECT * FROM `sp_users` WHERE ( id=1 ) LIMIT 1   [ RunTime:0.0004s ]
NOTIC: D方法实例化没找到模型类Todo\Model\TodoModel
SQL: SHOW COLUMNS FROM `sp_todo` [ RunTime:0.0035s ]
SQL: UPDATE `sp_todo` SET `state`='2' WHERE `id` = 1 [ RunTime:0.0034s ]
INFO: [ app_end ] --START--
INFO: Run Behavior\ShowPageTraceBehavior [ RunTime:0.000836s ]
INFO: [ app_end ] --END-- [ RunTime:0.000883s ]

[ 2015-03-25T16:03:35+08:00 ] 127.0.0.1 /ThinkCMFX1.5.0/index.php?g=Todo&m=Indexadmin&a=move
INFO: [ app_begin ] --START--
INFO: Run Behavior\ReadHtmlCacheBehavior [ RunTime:0.000706s ]
INFO: Run Behavior\CheckLangBehavior [ RunTime:0.001072s ]
INFO: [ app_begin ] --END-- [ RunTime:0.002198s ]
SQL: SHOW COLUMNS FROM `sp_users` [ RunTime:0.0045s ]
SQL: SELECT * FROM `sp_users` WHERE ( id=1 ) LIMIT 1   [ RunTime:0.0004s ]
NOTIC: D方法实例化没找到模型类Todo\Model\TodoModel
SQL: SHOW COLUMNS FROM `sp_todo` [ RunTime:0.0037s ]
SQL: UPDATE `sp_todo` SET `state`='3',`priority`='5' WHERE `id` = 3 [ RunTime:0.0050s ]
INFO: [ app_end ] --START--
INFO: Run Behavior\ShowPageTraceBehavior [ RunTime:0.000810s ]
INFO: [ app_end ] --END-- [ RunTime:0.000855s ]

[ 2015-03-25T16:03:36+08:00 ] 127.0.0.1 /ThinkCMFX1.5.0/index.php?g=Todo&m=Indexadmin&a=move
INFO: [ app_begin ] --START--
INFO: Run Behavior\ReadHtmlCacheBehavior [ RunTime:0.000781s ]
INFO: Run Behavior\CheckLangBehavior [ RunTime:0.001273s ]
INFO: [ app_begin ] --END-- [ RunTime:0.002556s ]
SQL: SHOW COLUMNS FROM `sp_users` [ RunTime:0.0038s ]
SQL: SELECT * FROM `sp_users` WHERE ( id=1 ) LIMIT 1   [ RunTime:0.0004s ]
NOTIC: D方法实例化没找到模型类Todo\Model\TodoModel
SQL: SHOW COLUMNS FROM `sp_todo` [ RunTime:0.0037s ]
SQL: UPDATE `sp_todo` SET `state`='3',`priority`='5' WHERE `id` = 6 [ RunTime:0.0751s ]
INFO: [ app_end ] --START--
INFO: Run Behavior\ShowPageTraceBehavior [ RunTime:0.002637s ]
INFO: [ app_end ] --END-- [ RunTime:0.002803s ]

[ 2015-03-25T16:03:39+08:00 ] 127.0.0.1 /ThinkCMFX1.5.0/index.php?g=Todo&m=Indexadmin&a=move
INFO: [ app_begin ] --START--
INFO: Run Behavior\ReadHtmlCacheBehavior [ RunTime:0.001038s ]
INFO: Run Behavior\CheckLangBehavior [ RunTime:0.001652s ]
INFO: [ app_begin ] --END-- [ RunTime:0.003305s ]
SQL: SHOW COLUMNS FROM `sp_users` [ RunTime:0.0037s ]
SQL: SELECT * FROM `sp_users` WHERE ( id=1 ) LIMIT 1   [ RunTime:0.0004s ]
NOTIC: D方法实例化没找到模型类Todo\Model\TodoModel
SQL: SHOW COLUMNS FROM `sp_todo` [ RunTime:0.0036s ]
SQL: UPDATE `sp_todo` SET `state`='3',`priority`='5' WHERE `id` = 1 [ RunTime:0.0191s ]
INFO: [ app_end ] --START--
INFO: Run Behavior\ShowPageTraceBehavior [ RunTime:0.000845s ]
INFO: [ app_end ] --END-- [ RunTime:0.000887s ]

[ 2015-03-25T16:20:04+08:00 ] 127.0.0.1 /ThinkCMFX1.5.0/index.php?g=Todo&m=Indexadmin&a=index
NOTIC: D方法实例化没找到模型类Todo\Model\TodoModel

[ 2015-03-25T16:21:05+08:00 ] 127.0.0.1 /ThinkCMFX1.5.0/index.php?g=Todo&m=Indexadmin&a=index
NOTIC: D方法实例化没找到模型类Todo\Model\TodoModel

[ 2015-03-25T16:29:05+08:00 ] 127.0.0.1 /ThinkCMFX1.5.0/index.php?g=Todo&m=Indexadmin&a=index
NOTIC: D方法实例化没找到模型类Todo\Model\TodoModel

[ 2015-03-25T16:29:59+08:00 ] 127.0.0.1 /ThinkCMFX1.5.0/index.php?g=Todo&m=Indexadmin&a=index
NOTIC: D方法实例化没找到模型类Todo\Model\TodoModel

[ 2015-03-25T16:30:26+08:00 ] 127.0.0.1 /ThinkCMFX1.5.0/index.php?g=Todo&m=Indexadmin&a=index
NOTIC: D方法实例化没找到模型类Todo\Model\TodoModel

[ 2015-03-25T16:30:41+08:00 ] 127.0.0.1 /ThinkCMFX1.5.0/index.php?g=Todo&m=Indexadmin&a=index
NOTIC: D方法实例化没找到模型类Todo\Model\TodoModel

[ 2015-03-25T16:30:55+08:00 ] 127.0.0.1 /ThinkCMFX1.5.0/index.php?g=Todo&m=Indexadmin&a=index
NOTIC: D方法实例化没找到模型类Todo\Model\TodoModel

[ 2015-03-25T16:32:18+08:00 ] 127.0.0.1 /ThinkCMFX1.5.0/index.php?g=Todo&m=Indexadmin&a=index
NOTIC: D方法实例化没找到模型类Todo\Model\TodoModel

[ 2015-03-25T16:32:36+08:00 ] 127.0.0.1 /ThinkCMFX1.5.0/index.php?g=Todo&m=Indexadmin&a=index
NOTIC: D方法实例化没找到模型类Todo\Model\TodoModel

[ 2015-03-25T16:34:04+08:00 ] 127.0.0.1 /ThinkCMFX1.5.0/index.php?g=Todo&m=Indexadmin&a=index
NOTIC: D方法实例化没找到模型类Todo\Model\TodoModel

[ 2015-03-25T16:34:19+08:00 ] 127.0.0.1 /ThinkCMFX1.5.0/index.php?g=Todo&m=Indexadmin&a=addnewtodo
INFO: [ app_begin ] --START--
INFO: Run Behavior\ReadHtmlCacheBehavior [ RunTime:0.000701s ]
INFO: Run Behavior\CheckLangBehavior [ RunTime:0.001063s ]
INFO: [ app_begin ] --END-- [ RunTime:0.002194s ]
SQL: SHOW COLUMNS FROM `sp_users` [ RunTime:0.0144s ]
SQL: SELECT * FROM `sp_users` WHERE ( id=1 ) LIMIT 1   [ RunTime:0.0012s ]
NOTIC: D方法实例化没找到模型类Todo\Model\TodoModel
SQL: SHOW COLUMNS FROM `sp_todo` [ RunTime:0.0083s ]
SQL: INSERT INTO `sp_todo` (`title`,`listname`,`state`,`groupname`,`deadline`,`description`,`priority`,`privacy`) VALUES ('你 ','list2','1','n1','2015-03-03','d','1','1') [ RunTime:0.0144s ]
INFO: [ app_end ] --START--
INFO: Run Behavior\ShowPageTraceBehavior [ RunTime:0.001605s ]
INFO: [ app_end ] --END-- [ RunTime:0.001689s ]

[ 2015-03-25T16:34:19+08:00 ] 127.0.0.1 /ThinkCMFX1.5.0/index.php?g=Todo&m=Indexadmin&a=index
NOTIC: D方法实例化没找到模型类Todo\Model\TodoModel

[ 2015-03-25T16:34:32+08:00 ] 127.0.0.1 /ThinkCMFX1.5.0/index.php?g=Todo&m=Indexadmin&a=addnewtodo
INFO: [ app_begin ] --START--
INFO: Run Behavior\ReadHtmlCacheBehavior [ RunTime:0.000773s ]
INFO: Run Behavior\CheckLangBehavior [ RunTime:0.001385s ]
INFO: [ app_begin ] --END-- [ RunTime:0.002660s ]
SQL: SHOW COLUMNS FROM `sp_users` [ RunTime:0.0043s ]
SQL: SELECT * FROM `sp_users` WHERE ( id=1 ) LIMIT 1   [ RunTime:0.0004s ]
NOTIC: D方法实例化没找到模型类Todo\Model\TodoModel
SQL: SHOW COLUMNS FROM `sp_todo` [ RunTime:0.0041s ]
SQL: INSERT INTO `sp_todo` (`title`,`listname`,`state`,`groupname`,`deadline`,`description`,`priority`,`privacy`) VALUES ('q','list1','1','q','2015-03-31','q','2','1') [ RunTime:0.0051s ]
INFO: [ app_end ] --START--
INFO: Run Behavior\ShowPageTraceBehavior [ RunTime:0.000942s ]
INFO: [ app_end ] --END-- [ RunTime:0.000992s ]

[ 2015-03-25T16:34:32+08:00 ] 127.0.0.1 /ThinkCMFX1.5.0/index.php?g=Todo&m=Indexadmin&a=index
NOTIC: D方法实例化没找到模型类Todo\Model\TodoModel

[ 2015-03-25T16:35:12+08:00 ] 127.0.0.1 /ThinkCMFX1.5.0/index.php?g=Todo&m=Indexadmin&a=index
NOTIC: D方法实例化没找到模型类Todo\Model\TodoModel

[ 2015-03-25T16:37:40+08:00 ] 127.0.0.1 /ThinkCMFX1.5.0/index.php?g=Todo&m=Indexadmin&a=index
NOTIC: D方法实例化没找到模型类Todo\Model\TodoModel

[ 2015-03-25T16:38:05+08:00 ] 127.0.0.1 /ThinkCMFX1.5.0/index.php?g=Todo&m=Indexadmin&a=addnewtodo
INFO: [ app_begin ] --START--
INFO: Run Behavior\ReadHtmlCacheBehavior [ RunTime:0.000665s ]
INFO: Run Behavior\CheckLangBehavior [ RunTime:0.001050s ]
INFO: [ app_begin ] --END-- [ RunTime:0.002167s ]
SQL: SHOW COLUMNS FROM `sp_users` [ RunTime:0.0173s ]
SQL: SELECT * FROM `sp_users` WHERE ( id=1 ) LIMIT 1   [ RunTime:0.0016s ]
NOTIC: D方法实例化没找到模型类Todo\Model\TodoModel
SQL: SHOW COLUMNS FROM `sp_todo` [ RunTime:0.0193s ]
SQL: INSERT INTO `sp_todo` (`title`,`listname`,`state`,`groupname`,`deadline`,`description`,`priority`,`privacy`) VALUES ('dw','Lab','1','d','2015-03-26','wefd','1','1') [ RunTime:0.0381s ]
INFO: [ app_end ] --START--
INFO: Run Behavior\ShowPageTraceBehavior [ RunTime:0.000848s ]
INFO: [ app_end ] --END-- [ RunTime:0.000892s ]

[ 2015-03-25T16:38:05+08:00 ] 127.0.0.1 /ThinkCMFX1.5.0/index.php?g=Todo&m=Indexadmin&a=index
NOTIC: D方法实例化没找到模型类Todo\Model\TodoModel

[ 2015-03-25T16:38:32+08:00 ] 127.0.0.1 /ThinkCMFX1.5.0/index.php?g=Todo&m=Indexadmin&a=index
NOTIC: D方法实例化没找到模型类Todo\Model\TodoModel
ERR: SQLSTATE[42000]: Syntax error or access violation: 1064 You have an error in your SQL syntax; check the manual that corresponds to your MySQL server version for the right syntax to use near 'priority ASC' at line 1

[ 2015-03-25T16:39:51+08:00 ] 127.0.0.1 /ThinkCMFX1.5.0/index.php?g=Todo&m=Indexadmin&a=index
NOTIC: D方法实例化没找到模型类Todo\Model\TodoModel

[ 2015-03-25T16:40:26+08:00 ] 127.0.0.1 /ThinkCMFX1.5.0/index.php?g=Todo&m=Indexadmin&a=index
NOTIC: D方法实例化没找到模型类Todo\Model\TodoModel

[ 2015-03-25T16:40:28+08:00 ] 127.0.0.1 /ThinkCMFX1.5.0/index.php?g=Todo&m=Indexadmin&a=move
INFO: [ app_begin ] --START--
INFO: Run Behavior\ReadHtmlCacheBehavior [ RunTime:0.000841s ]
INFO: Run Behavior\CheckLangBehavior [ RunTime:0.001288s ]
INFO: [ app_begin ] --END-- [ RunTime:0.002664s ]
SQL: SHOW COLUMNS FROM `sp_users` [ RunTime:0.0048s ]
SQL: SELECT * FROM `sp_users` WHERE ( id=1 ) LIMIT 1   [ RunTime:0.0004s ]
NOTIC: D方法实例化没找到模型类Todo\Model\TodoModel
SQL: SHOW COLUMNS FROM `sp_todo` [ RunTime:0.0057s ]
SQL: UPDATE `sp_todo` SET `state`='2' WHERE `id` = 32 [ RunTime:0.0046s ]
INFO: [ app_end ] --START--
INFO: Run Behavior\ShowPageTraceBehavior [ RunTime:0.000896s ]
INFO: [ app_end ] --END-- [ RunTime:0.000946s ]

[ 2015-03-25T16:40:29+08:00 ] 127.0.0.1 /ThinkCMFX1.5.0/index.php?g=Todo&m=Indexadmin&a=move
INFO: [ app_begin ] --START--
INFO: Run Behavior\ReadHtmlCacheBehavior [ RunTime:0.000684s ]
INFO: Run Behavior\CheckLangBehavior [ RunTime:0.001023s ]
INFO: [ app_begin ] --END-- [ RunTime:0.002119s ]
SQL: SHOW COLUMNS FROM `sp_users` [ RunTime:0.0038s ]
SQL: SELECT * FROM `sp_users` WHERE ( id=1 ) LIMIT 1   [ RunTime:0.0003s ]
NOTIC: D方法实例化没找到模型类Todo\Model\TodoModel
SQL: SHOW COLUMNS FROM `sp_todo` [ RunTime:0.0036s ]
SQL: UPDATE `sp_todo` SET `state`='3',`priority`='5' WHERE `id` = 32 [ RunTime:0.0037s ]
INFO: [ app_end ] --START--
INFO: Run Behavior\ShowPageTraceBehavior [ RunTime:0.000812s ]
INFO: [ app_end ] --END-- [ RunTime:0.000853s ]

[ 2015-03-25T16:40:41+08:00 ] 127.0.0.1 /ThinkCMFX1.5.0/index.php?g=Todo&m=Indexadmin&a=addnewtodo
INFO: [ app_begin ] --START--
INFO: Run Behavior\ReadHtmlCacheBehavior [ RunTime:0.000768s ]
INFO: Run Behavior\CheckLangBehavior [ RunTime:0.001200s ]
INFO: [ app_begin ] --END-- [ RunTime:0.002443s ]
SQL: SHOW COLUMNS FROM `sp_users` [ RunTime:0.0039s ]
SQL: SELECT * FROM `sp_users` WHERE ( id=1 ) LIMIT 1   [ RunTime:0.0004s ]
NOTIC: D方法实例化没找到模型类Todo\Model\TodoModel
SQL: SHOW COLUMNS FROM `sp_todo` [ RunTime:0.0036s ]
SQL: INSERT INTO `sp_todo` (`title`,`listname`,`state`,`groupname`,`deadline`,`description`,`priority`,`privacy`) VALUES ('请问','Lab','1','去','2015-03-24','二二','1','1') [ RunTime:0.0053s ]
INFO: [ app_end ] --START--
INFO: Run Behavior\ShowPageTraceBehavior [ RunTime:0.000879s ]
INFO: [ app_end ] --END-- [ RunTime:0.000922s ]

[ 2015-03-25T16:40:41+08:00 ] 127.0.0.1 /ThinkCMFX1.5.0/index.php?g=Todo&m=Indexadmin&a=index
NOTIC: D方法实例化没找到模型类Todo\Model\TodoModel

[ 2015-03-25T16:47:28+08:00 ] 127.0.0.1 /ThinkCMFX1.5.0/index.php?g=Todo&m=Indexadmin&a=index&menuid=159
NOTIC: D方法实例化没找到模型类Todo\Model\TodoModel

[ 2015-03-25T16:54:43+08:00 ] 127.0.0.1 /ThinkCMFX1.5.0/index.php?g=Todo&m=Indexadmin&a=index&menuid=159
NOTIC: D方法实例化没找到模型类Todo\Model\TodoModel

[ 2015-03-25T16:55:01+08:00 ] 127.0.0.1 /ThinkCMFX1.5.0/index.php?g=Todo&m=Indexadmin&a=index&menuid=159
NOTIC: D方法实例化没找到模型类Todo\Model\TodoModel

[ 2015-03-25T16:55:56+08:00 ] 127.0.0.1 /ThinkCMFX1.5.0/index.php?g=Todo&m=Indexadmin&a=index&menuid=159
NOTIC: D方法实例化没找到模型类Todo\Model\TodoModel

[ 2015-03-25T16:56:24+08:00 ] 127.0.0.1 /ThinkCMFX1.5.0/index.php?g=Todo&m=Indexadmin&a=index&menuid=159
NOTIC: D方法实例化没找到模型类Todo\Model\TodoModel

[ 2015-03-25T16:57:36+08:00 ] 127.0.0.1 /ThinkCMFX1.5.0/index.php?g=Todo&m=Indexadmin&a=index&menuid=159
NOTIC: D方法实例化没找到模型类Todo\Model\TodoModel

[ 2015-03-25T16:59:38+08:00 ] 127.0.0.1 /ThinkCMFX1.5.0/index.php?g=Todo&m=Indexadmin&a=index&menuid=159
NOTIC: D方法实例化没找到模型类Todo\Model\TodoModel

[ 2015-03-25T17:00:54+08:00 ] 127.0.0.1 /ThinkCMFX1.5.0/index.php?g=Todo&m=Indexadmin&a=move
INFO: [ app_begin ] --START--
INFO: Run Behavior\ReadHtmlCacheBehavior [ RunTime:0.000689s ]
INFO: Run Behavior\CheckLangBehavior [ RunTime:0.001040s ]
INFO: [ app_begin ] --END-- [ RunTime:0.002204s ]
SQL: SHOW COLUMNS FROM `sp_users` [ RunTime:0.0139s ]
SQL: SELECT * FROM `sp_users` WHERE ( id=1 ) LIMIT 1   [ RunTime:0.0013s ]
NOTIC: D方法实例化没找到模型类Todo\Model\TodoModel
SQL: SHOW COLUMNS FROM `sp_todo` [ RunTime:0.0092s ]
SQL: UPDATE `sp_todo` SET `state`='2' WHERE `id` = 1 [ RunTime:0.0508s ]
INFO: [ app_end ] --START--
INFO: Run Behavior\ShowPageTraceBehavior [ RunTime:0.002750s ]
INFO: [ app_end ] --END-- [ RunTime:0.002892s ]

[ 2015-03-25T19:35:40+08:00 ] 127.0.0.1 /ThinkCMFX1.5.0/index.php?g=Todo&m=Indexadmin&a=index&menuid=159
NOTIC: D方法实例化没找到模型类Todo\Model\TodoModel

[ 2015-03-25T19:35:44+08:00 ] 127.0.0.1 /ThinkCMFX1.5.0/index.php?g=Todo&m=Indexadmin&a=move
INFO: [ app_begin ] --START--
INFO: Run Behavior\ReadHtmlCacheBehavior [ RunTime:0.000873s ]
INFO: Run Behavior\CheckLangBehavior [ RunTime:0.001284s ]
INFO: [ app_begin ] --END-- [ RunTime:0.002682s ]
SQL: SHOW COLUMNS FROM `sp_users` [ RunTime:0.0037s ]
SQL: SELECT * FROM `sp_users` WHERE ( id=1 ) LIMIT 1   [ RunTime:0.0004s ]
NOTIC: D方法实例化没找到模型类Todo\Model\TodoModel
SQL: SHOW COLUMNS FROM `sp_todo` [ RunTime:0.0036s ]
SQL: UPDATE `sp_todo` SET `state`='3',`priority`='5' WHERE `id` = 1 [ RunTime:0.0048s ]
INFO: [ app_end ] --START--
INFO: Run Behavior\ShowPageTraceBehavior [ RunTime:0.000840s ]
INFO: [ app_end ] --END-- [ RunTime:0.000879s ]

[ 2015-03-25T19:48:39+08:00 ] 127.0.0.1 /thinkcmfx1.5.0/index.php?g=todo&m=index&a=index
NOTIC: D方法实例化没找到模型类Todo\Model\TodoModel
ERR: 模板不存在:tpl/simplebootx/Todo/Index/index.html

[ 2015-03-25T19:48:59+08:00 ] 127.0.0.1 /thinkcmfx1.5.0/index.php?g=todo&m=index&a=index
NOTIC: D方法实例化没找到模型类Todo\Model\TodoModel

[ 2015-03-25T19:49:38+08:00 ] 127.0.0.1 /thinkcmfx1.5.0/index.php?g=todo&m=index&a=index
NOTIC: D方法实例化没找到模型类Todo\Model\TodoModel

[ 2015-03-25T19:54:24+08:00 ] 127.0.0.1 /thinkcmfx1.5.0/index.php?g=todo&m=index&a=index
NOTIC: D方法实例化没找到模型类Todo\Model\TodoModel

[ 2015-03-25T20:06:21+08:00 ] 127.0.0.1 /thinkcmfx1.5.0/index.php?g=todo&m=index&a=index
NOTIC: D方法实例化没找到模型类Todo\Model\TodoModel

[ 2015-03-25T20:07:11+08:00 ] 127.0.0.1 /thinkcmfx1.5.0/index.php?g=todo&m=index&a=index
NOTIC: D方法实例化没找到模型类Todo\Model\TodoModel

[ 2015-03-25T20:07:50+08:00 ] 127.0.0.1 /thinkcmfx1.5.0/index.php?g=todo&m=index&a=index
NOTIC: D方法实例化没找到模型类Todo\Model\TodoModel

[ 2015-03-25T20:09:34+08:00 ] 127.0.0.1 /thinkcmfx1.5.0/index.php?g=todo&m=index&a=index
NOTIC: D方法实例化没找到模型类Todo\Model\TodoModel

[ 2015-03-25T20:10:15+08:00 ] 127.0.0.1 /thinkcmfx1.5.0/index.php?g=todo&m=index&a=index
NOTIC: D方法实例化没找到模型类Todo\Model\TodoModel

[ 2015-03-25T20:20:12+08:00 ] 127.0.0.1 /thinkcmfx1.5.0/index.php?g=todo&m=index&a=index
NOTIC: D方法实例化没找到模型类Todo\Model\TodoModel

[ 2015-03-25T20:20:12+08:00 ] 127.0.0.1 /thinkcmfx1.5.0/index.php?g=Todo&m=index&a=index
NOTIC: D方法实例化没找到模型类Todo\Model\TodoModel

[ 2015-03-25T20:20:12+08:00 ] 127.0.0.1 /thinkcmfx1.5.0/index.php?g=Todo&m=index&a=index
NOTIC: D方法实例化没找到模型类Todo\Model\TodoModel

[ 2015-03-25T20:20:24+08:00 ] 127.0.0.1 /thinkcmfx1.5.0/index.php?g=todo&m=index&a=index
NOTIC: D方法实例化没找到模型类Todo\Model\TodoModel

[ 2015-03-25T20:20:24+08:00 ] 127.0.0.1 /thinkcmfx1.5.0/index.php?g=Todo&m=index&a=content
NOTIC: D方法实例化没找到模型类Todo\Model\TodoModel

[ 2015-03-25T20:20:31+08:00 ] 127.0.0.1 /thinkcmfx1.5.0/index.php?g=todo&m=index&a=index
NOTIC: D方法实例化没找到模型类Todo\Model\TodoModel

[ 2015-03-25T20:20:32+08:00 ] 127.0.0.1 /thinkcmfx1.5.0/index.php?g=Todo&m=index&a=content
NOTIC: D方法实例化没找到模型类Todo\Model\TodoModel

[ 2015-03-25T20:20:50+08:00 ] 127.0.0.1 /thinkcmfx1.5.0/index.php?g=todo&m=index&a=index
NOTIC: D方法实例化没找到模型类Todo\Model\TodoModel

[ 2015-03-25T20:20:50+08:00 ] 127.0.0.1 /thinkcmfx1.5.0/index.php?g=Todo&m=Todo&a=content
ERR: 无法加载控制器:Todo

[ 2015-03-25T20:21:20+08:00 ] 127.0.0.1 /thinkcmfx1.5.0/index.php?g=todo&m=content&a=index
ERR: 无法加载控制器:Content

[ 2015-03-25T20:22:34+08:00 ] 127.0.0.1 /thinkcmfx1.5.0/index.php?g=todo&m=index&a=index
NOTIC: D方法实例化没找到模型类Todo\Model\TodoModel

[ 2015-03-25T20:22:54+08:00 ] 127.0.0.1 /thinkcmfx1.5.0/index.php?g=todo&m=index&a=index
NOTIC: D方法实例化没找到模型类Todo\Model\TodoModel

[ 2015-03-25T20:23:58+08:00 ] 127.0.0.1 /thinkcmfx1.5.0/index.php?g=todo&m=index&a=index
NOTIC: D方法实例化没找到模型类Todo\Model\TodoModel

[ 2015-03-25T20:23:58+08:00 ] 127.0.0.1 /thinkcmfx1.5.0/index.php?g=Todo&m=Todo&a=content
ERR: 无法加载控制器:Todo

[ 2015-03-25T20:46:16+08:00 ] 127.0.0.1 /thinkcmfx1.5.0/index.php?g=todo&m=index&a=index
NOTIC: D方法实例化没找到模型类Todo\Model\TodoModel

[ 2015-03-25T20:46:16+08:00 ] 127.0.0.1 /thinkcmfx1.5.0/index.php?g=Todo&m=admin&a=content
ERR: 无法加载控制器:Admin

[ 2015-03-25T20:47:14+08:00 ] 127.0.0.1 /thinkcmfx1.5.0/index.php?g=todo&m=admin&a=content
ERR: 无法加载控制器:Admin

[ 2015-03-25T20:47:34+08:00 ] 127.0.0.1 /thinkcmfx1.5.0/index.php?g=todo&m=index&a=index
NOTIC: D方法实例化没找到模型类Todo\Model\TodoModel

[ 2015-03-25T20:47:34+08:00 ] 127.0.0.1 /thinkcmfx1.5.0/index.php?g=Todo&m=admin&a=content
ERR: 无法加载控制器:Admin

[ 2015-03-25T20:47:58+08:00 ] 127.0.0.1 /thinkcmfx1.5.0/index.php?g=todo&m=index&a=index
NOTIC: D方法实例化没找到模型类Todo\Model\TodoModel

[ 2015-03-25T20:47:59+08:00 ] 127.0.0.1 /thinkcmfx1.5.0/index.php?g=Todo&m=index&a=content
NOTIC: D方法实例化没找到模型类Todo\Model\TodoModel

[ 2015-03-25T20:48:02+08:00 ] 127.0.0.1 /thinkcmfx1.5.0/index.php?g=Todo&m=admin&a=content
ERR: 无法加载控制器:Admin

[ 2015-03-25T20:48:10+08:00 ] 127.0.0.1 /thinkcmfx1.5.0/index.php?g=todo&m=index&a=index
NOTIC: D方法实例化没找到模型类Todo\Model\TodoModel

[ 2015-03-25T20:48:10+08:00 ] 127.0.0.1 /thinkcmfx1.5.0/index.php?g=Todo&m=index&a=content
NOTIC: D方法实例化没找到模型类Todo\Model\TodoModel

[ 2015-03-25T20:48:46+08:00 ] 127.0.0.1 /thinkcmfx1.5.0/index.php?g=Todo&m=index&a=content
NOTIC: D方法实例化没找到模型类Todo\Model\TodoModel

[ 2015-03-25T20:52:35+08:00 ] 127.0.0.1 /thinkcmfx1.5.0/index.php?g=Todo&m=index&a=content
NOTIC: D方法实例化没找到模型类Todo\Model\TodoModel

[ 2015-03-25T20:52:35+08:00 ] 127.0.0.1 /thinkcmfx1.5.0/index.php?g=Todo&m=index&a=content
NOTIC: D方法实例化没找到模型类Todo\Model\TodoModel

[ 2015-03-25T20:53:00+08:00 ] 127.0.0.1 /thinkcmfx1.5.0/index.php?g=Todo&m=index&a=content
NOTIC: D方法实例化没找到模型类Todo\Model\TodoModel

[ 2015-03-25T20:53:04+08:00 ] 127.0.0.1 /thinkcmfx1.5.0/index.php?g=todo&m=index&a=index
NOTIC: D方法实例化没找到模型类Todo\Model\TodoModel

[ 2015-03-25T20:53:04+08:00 ] 127.0.0.1 /thinkcmfx1.5.0/index.php?g=Todo&m=index&a=content
NOTIC: D方法实例化没找到模型类Todo\Model\TodoModel

[ 2015-03-25T20:55:29+08:00 ] 127.0.0.1 /thinkcmfx1.5.0/index.php?g=todo&m=index&a=index
NOTIC: D方法实例化没找到模型类Todo\Model\TodoModel

[ 2015-03-25T20:55:29+08:00 ] 127.0.0.1 /thinkcmfx1.5.0/index.php?g=Todo&m=index&a=content
NOTIC: D方法实例化没找到模型类Todo\Model\TodoModel

[ 2015-03-25T20:59:55+08:00 ] 127.0.0.1 /thinkcmfx1.5.0/index.php?g=todo&m=index&a=index
NOTIC: D方法实例化没找到模型类Todo\Model\TodoModel

[ 2015-03-25T20:59:55+08:00 ] 127.0.0.1 /thinkcmfx1.5.0/index.php?g=Todo&m=index&a=content
NOTIC: D方法实例化没找到模型类Todo\Model\TodoModel

[ 2015-03-25T21:03:11+08:00 ] 127.0.0.1 /thinkcmfx1.5.0/index.php?g=todo&m=index&a=index
NOTIC: D方法实例化没找到模型类Todo\Model\TodoModel

[ 2015-03-25T21:03:11+08:00 ] 127.0.0.1 /thinkcmfx1.5.0/index.php?g=Todo&m=index&a=content
NOTIC: D方法实例化没找到模型类Todo\Model\TodoModel

