[ 2015-03-24T22:41:29+08:00 ] 127.0.0.1 /thinkcmfx1.5.0/index.php?g=Todo&m=Todo&a=addnewtodo
INFO: [ app_begin ] --START--
INFO: Run Behavior\ReadHtmlCacheBehavior [ RunTime:0.000498s ]
INFO: Run Behavior\CheckLangBehavior [ RunTime:0.000997s ]
INFO: [ app_begin ] --END-- [ RunTime:0.001996s ]
ERR: 无法加载控制器:Todo

[ 2015-03-24T22:43:14+08:00 ] 127.0.0.1 /thinkcmfx1.5.0/index.php?g=Todo&m=Todo&a=addnewtodo
ERR: 无法加载控制器:Todo

[ 2015-03-24T22:46:53+08:00 ] 127.0.0.1 /thinkcmfx1.5.0/index.php?g=Todo&m=Indexadmin&a=addnewtodo
INFO: [ app_begin ] --START--
INFO: Run Behavior\ReadHtmlCacheBehavior [ RunTime:0.000575s ]
INFO: Run Behavior\CheckLangBehavior [ RunTime:0.001225s ]
INFO: [ app_begin ] --END-- [ RunTime:0.002354s ]
SQL: SHOW COLUMNS FROM `sp_users` [ RunTime:0.0050s ]
SQL: SELECT * FROM `sp_users` WHERE ( id=1 ) LIMIT 1   [ RunTime:0.0005s ]
INFO: [ app_end ] --START--
INFO: Run Behavior\ShowPageTraceBehavior [ RunTime:0.000818s ]
INFO: [ app_end ] --END-- [ RunTime:0.000879s ]

[ 2015-03-24T22:49:31+08:00 ] 127.0.0.1 /thinkcmfx1.5.0/index.php?g=Todo&m=Indexadmin&a=addnewtodo
INFO: [ app_begin ] --START--
INFO: Run Behavior\ReadHtmlCacheBehavior [ RunTime:0.000531s ]
INFO: Run Behavior\CheckLangBehavior [ RunTime:0.000990s ]
INFO: [ app_begin ] --END-- [ RunTime:0.002045s ]
SQL: SHOW COLUMNS FROM `sp_users` [ RunTime:0.0040s ]
SQL: SELECT * FROM `sp_users` WHERE ( id=1 ) LIMIT 1   [ RunTime:0.0004s ]
INFO: [ app_end ] --START--
INFO: Run Behavior\ShowPageTraceBehavior [ RunTime:0.000699s ]
INFO: [ app_end ] --END-- [ RunTime:0.000743s ]

[ 2015-03-24T22:55:47+08:00 ] 127.0.0.1 /thinkcmfx1.5.0/index.php?g=Todo&m=Indexadmin&a=addnewtodo
INFO: [ app_begin ] --START--
INFO: Run Behavior\ReadHtmlCacheBehavior [ RunTime:0.000574s ]
INFO: Run Behavior\CheckLangBehavior [ RunTime:0.001030s ]
INFO: [ app_begin ] --END-- [ RunTime:0.002125s ]
SQL: SHOW COLUMNS FROM `sp_users` [ RunTime:0.0039s ]
SQL: SELECT * FROM `sp_users` WHERE ( id=1 ) LIMIT 1   [ RunTime:0.0004s ]
INFO: [ app_end ] --START--
INFO: Run Behavior\ShowPageTraceBehavior [ RunTime:0.000712s ]
INFO: [ app_end ] --END-- [ RunTime:0.000755s ]

[ 2015-03-24T23:26:34+08:00 ] 127.0.0.1 /thinkcmfx1.5.0/index.php?g=Todo&m=Indexadmin&a=addnewtodo
INFO: [ app_begin ] --START--
INFO: Run Behavior\ReadHtmlCacheBehavior [ RunTime:0.000574s ]
INFO: Run Behavior\CheckLangBehavior [ RunTime:0.000915s ]
INFO: [ app_begin ] --END-- [ RunTime:0.001948s ]
SQL: SHOW COLUMNS FROM `sp_users` [ RunTime:0.0177s ]
SQL: SELECT * FROM `sp_users` WHERE ( id=1 ) LIMIT 1   [ RunTime:0.0012s ]
NOTIC: D方法实例化没找到模型类Todo\Model\TodoModel
SQL: SHOW COLUMNS FROM `sp_todo` [ RunTime:0.0199s ]
SQL: INSERT INTO `sp_todo` (`title`,`listname`,`groupname`,`deadline`,`description`,`priority`,`privacy`) VALUES ('1','list1','2','2015-03-30','1','1','1') [ RunTime:0.2307s ]

[ 2015-03-24T23:31:11+08:00 ] 127.0.0.1 /thinkcmfx1.5.0/index.php?g=Todo&m=Indexadmin&a=addnewtodo
INFO: [ app_begin ] --START--
INFO: Run Behavior\ReadHtmlCacheBehavior [ RunTime:0.000548s ]
INFO: Run Behavior\CheckLangBehavior [ RunTime:0.000927s ]
INFO: [ app_begin ] --END-- [ RunTime:0.001932s ]
SQL: SHOW COLUMNS FROM `sp_users` [ RunTime:0.0323s ]
SQL: SELECT * FROM `sp_users` WHERE ( id=1 ) LIMIT 1   [ RunTime:0.0012s ]
NOTIC: D方法实例化没找到模型类Todo\Model\TodoModel
ERR: SQLSTATE[42S02]: Base table or view not found: 1146 Table 'thinkcmf.sp_todo' doesn't exist

[ 2015-03-24T23:31:48+08:00 ] 127.0.0.1 /thinkcmfx1.5.0/index.php?g=Todo&m=Indexadmin&a=index&menuid=159
NOTIC: D方法实例化没找到模型类Todo\Model\TodoModel
ERR: SQLSTATE[42S02]: Base table or view not found: 1146 Table 'thinkcmf.sp_todo' doesn't exist

[ 2015-03-24T23:34:25+08:00 ] 127.0.0.1 /thinkcmfx1.5.0/index.php?g=Todo&m=Indexadmin&a=index&menuid=159
NOTIC: D方法实例化没找到模型类Todo\Model\TodoModel

[ 2015-03-24T23:34:46+08:00 ] 127.0.0.1 /thinkcmfx1.5.0/index.php?g=Todo&m=Indexadmin&a=addnewtodo
INFO: [ app_begin ] --START--
INFO: Run Behavior\ReadHtmlCacheBehavior [ RunTime:0.000481s ]
INFO: Run Behavior\CheckLangBehavior [ RunTime:0.000888s ]
INFO: [ app_begin ] --END-- [ RunTime:0.001835s ]
SQL: SHOW COLUMNS FROM `sp_users` [ RunTime:0.0038s ]
SQL: SELECT * FROM `sp_users` WHERE ( id=1 ) LIMIT 1   [ RunTime:0.0004s ]
NOTIC: D方法实例化没找到模型类Todo\Model\TodoModel
SQL: SHOW COLUMNS FROM `sp_todo` [ RunTime:0.0041s ]
SQL: INSERT INTO `sp_todo` (`title`,`listname`,`state`,`groupname`,`deadline`,`description`,`priority`,`privacy`) VALUES ('tut','list1','1','cs2100','2015-03-31','tutorial9','1','1') [ RunTime:0.0277s ]

[ 2015-03-24T23:37:06+08:00 ] 127.0.0.1 /thinkcmfx1.5.0/index.php?g=Todo&m=Indexadmin&a=index&menuid=159
NOTIC: D方法实例化没找到模型类Todo\Model\TodoModel

[ 2015-03-24T23:44:49+08:00 ] 127.0.0.1 /thinkcmfx1.5.0/index.php?g=Todo&m=Indexadmin&a=index&menuid=159
NOTIC: D方法实例化没找到模型类Todo\Model\TodoModel

[ 2015-03-24T23:45:24+08:00 ] 127.0.0.1 /thinkcmfx1.5.0/index.php?g=Todo&m=Indexadmin&a=index&menuid=159
NOTIC: D方法实例化没找到模型类Todo\Model\TodoModel

[ 2015-03-24T23:45:47+08:00 ] 127.0.0.1 /thinkcmfx1.5.0/index.php?g=Todo&m=Indexadmin&a=addnewtodo
INFO: [ app_begin ] --START--
INFO: Run Behavior\ReadHtmlCacheBehavior [ RunTime:0.000526s ]
INFO: Run Behavior\CheckLangBehavior [ RunTime:0.001049s ]
INFO: [ app_begin ] --END-- [ RunTime:0.002068s ]
SQL: SHOW COLUMNS FROM `sp_users` [ RunTime:0.0043s ]
SQL: SELECT * FROM `sp_users` WHERE ( id=1 ) LIMIT 1   [ RunTime:0.0004s ]
NOTIC: D方法实例化没找到模型类Todo\Model\TodoModel
SQL: SHOW COLUMNS FROM `sp_todo` [ RunTime:0.0041s ]
SQL: INSERT INTO `sp_todo` (`title`,`listname`,`state`,`groupname`,`deadline`,`description`,`priority`,`privacy`) VALUES ('assign','list1','1','cs2100','2015-04-01','assignment3','2','1') [ RunTime:0.0394s ]

